{"/home/travis/build/npmtest/node-npmtest-imager.js/test.js":{"path":"/home/travis/build/npmtest/node-npmtest-imager.js/test.js","s":{"1":2,"2":2,"3":2,"4":2,"5":2,"6":2,"7":2,"8":1,"9":2,"10":2,"11":1,"12":1,"13":1,"14":1,"15":2,"16":2,"17":2,"18":2,"19":1,"20":1,"21":2,"22":2,"23":2,"24":1,"25":1,"26":1,"27":1,"28":1,"29":1,"30":1,"31":1,"32":1,"33":1,"34":1,"35":1,"36":1,"37":1,"38":1,"39":2,"40":2,"41":1,"42":2,"43":2,"44":1,"45":2,"46":2,"47":1,"48":2,"49":2,"50":1,"51":1,"52":1,"53":1,"54":1},"b":{"1":[2,1,1,1],"2":[1,1,1,1],"3":[1,1],"4":[1,1],"5":[1,1],"6":[1,1],"7":[1,1],"8":[1,1],"9":[1,1],"10":[1,1,1],"11":[1,1],"12":[1,1],"13":[1,1],"14":[1,1],"15":[1,1],"16":[1,1],"17":[1,1]},"f":{"1":2,"2":2,"3":2,"4":2,"5":2,"6":1,"7":1,"8":1,"9":2,"10":2,"11":2,"12":2,"13":1},"fnMap":{"1":{"name":"(anonymous_1)","line":12,"loc":{"start":{"line":12,"column":1},"end":{"line":12,"column":13}}},"2":{"name":"(anonymous_2)","line":19,"loc":{"start":{"line":19,"column":5},"end":{"line":19,"column":17}}},"3":{"name":"(anonymous_3)","line":23,"loc":{"start":{"line":23,"column":24},"end":{"line":23,"column":36}}},"4":{"name":"(anonymous_4)","line":61,"loc":{"start":{"line":61,"column":5},"end":{"line":61,"column":17}}},"5":{"name":"(anonymous_5)","line":82,"loc":{"start":{"line":82,"column":5},"end":{"line":82,"column":17}}},"6":{"name":"(anonymous_6)","line":91,"loc":{"start":{"line":91,"column":77},"end":{"line":94,"column":10}}},"7":{"name":"(anonymous_7)","line":112,"loc":{"start":{"line":112,"column":83},"end":{"line":115,"column":10}},"skip":true},"8":{"name":"(anonymous_8)","line":123,"loc":{"start":{"line":123,"column":77},"end":{"line":126,"column":10}},"skip":true},"9":{"name":"(anonymous_9)","line":139,"loc":{"start":{"line":139,"column":12},"end":{"line":139,"column":40}},"skip":true},"10":{"name":"(anonymous_10)","line":147,"loc":{"start":{"line":147,"column":77},"end":{"line":150,"column":10}},"skip":true},"11":{"name":"(anonymous_11)","line":158,"loc":{"start":{"line":158,"column":83},"end":{"line":161,"column":10}},"skip":true},"12":{"name":"(anonymous_12)","line":169,"loc":{"start":{"line":169,"column":79},"end":{"line":172,"column":10}},"skip":true},"13":{"name":"(anonymous_13)","line":180,"loc":{"start":{"line":180,"column":75},"end":{"line":183,"column":10}},"skip":true}},"statementMap":{"1":{"start":{"line":12,"column":0},"end":{"line":195,"column":5}},"2":{"start":{"line":14,"column":4},"end":{"line":14,"column":14}},"3":{"start":{"line":19,"column":4},"end":{"line":56,"column":9}},"4":{"start":{"line":21,"column":8},"end":{"line":21,"column":19}},"5":{"start":{"line":23,"column":8},"end":{"line":35,"column":13}},"6":{"start":{"line":24,"column":12},"end":{"line":34,"column":13}},"7":{"start":{"line":25,"column":16},"end":{"line":28,"column":30}},"8":{"start":{"line":30,"column":16},"end":{"line":33,"column":27}},"9":{"start":{"line":37,"column":8},"end":{"line":39,"column":21}},"10":{"start":{"line":40,"column":8},"end":{"line":53,"column":9}},"11":{"start":{"line":43,"column":12},"end":{"line":46,"column":14}},"12":{"start":{"line":47,"column":12},"end":{"line":47,"column":18}},"13":{"start":{"line":50,"column":12},"end":{"line":51,"column":33}},"14":{"start":{"line":52,"column":12},"end":{"line":52,"column":18}},"15":{"start":{"line":55,"column":8},"end":{"line":55,"column":35}},"16":{"start":{"line":61,"column":4},"end":{"line":63,"column":9}},"17":{"start":{"line":62,"column":8},"end":{"line":62,"column":15}},"18":{"start":{"line":64,"column":4},"end":{"line":77,"column":5}},"19":{"start":{"line":70,"column":8},"end":{"line":70,"column":14}},"20":{"start":{"line":76,"column":8},"end":{"line":76,"column":14}},"21":{"start":{"line":82,"column":4},"end":{"line":84,"column":9}},"22":{"start":{"line":83,"column":8},"end":{"line":83,"column":15}},"23":{"start":{"line":85,"column":4},"end":{"line":194,"column":5}},"24":{"start":{"line":91,"column":8},"end":{"line":99,"column":10}},"25":{"start":{"line":98,"column":12},"end":{"line":98,"column":35}},"26":{"start":{"line":102,"column":8},"end":{"line":104,"column":63}},"27":{"start":{"line":105,"column":8},"end":{"line":105,"column":14}},"28":{"start":{"line":112,"column":8},"end":{"line":121,"column":10},"skip":true},"29":{"start":{"line":119,"column":12},"end":{"line":119,"column":55},"skip":true},"30":{"start":{"line":120,"column":12},"end":{"line":120,"column":48},"skip":true},"31":{"start":{"line":123,"column":8},"end":{"line":136,"column":10},"skip":true},"32":{"start":{"line":130,"column":12},"end":{"line":130,"column":76},"skip":true},"33":{"start":{"line":131,"column":12},"end":{"line":131,"column":73},"skip":true},"34":{"start":{"line":132,"column":12},"end":{"line":132,"column":74},"skip":true},"35":{"start":{"line":133,"column":12},"end":{"line":133,"column":79},"skip":true},"36":{"start":{"line":134,"column":12},"end":{"line":134,"column":25},"skip":true},"37":{"start":{"line":135,"column":12},"end":{"line":135,"column":45},"skip":true},"38":{"start":{"line":138,"column":8},"end":{"line":145,"column":14},"skip":true},"39":{"start":{"line":143,"column":16},"end":{"line":143,"column":29},"skip":true},"40":{"start":{"line":144,"column":16},"end":{"line":144,"column":55},"skip":true},"41":{"start":{"line":147,"column":8},"end":{"line":156,"column":10},"skip":true},"42":{"start":{"line":154,"column":12},"end":{"line":154,"column":25},"skip":true},"43":{"start":{"line":155,"column":12},"end":{"line":155,"column":45},"skip":true},"44":{"start":{"line":158,"column":8},"end":{"line":167,"column":10},"skip":true},"45":{"start":{"line":165,"column":12},"end":{"line":165,"column":25},"skip":true},"46":{"start":{"line":166,"column":12},"end":{"line":166,"column":48},"skip":true},"47":{"start":{"line":169,"column":8},"end":{"line":178,"column":10},"skip":true},"48":{"start":{"line":176,"column":12},"end":{"line":176,"column":25},"skip":true},"49":{"start":{"line":177,"column":12},"end":{"line":177,"column":46},"skip":true},"50":{"start":{"line":180,"column":8},"end":{"line":189,"column":10},"skip":true},"51":{"start":{"line":187,"column":12},"end":{"line":187,"column":94},"skip":true},"52":{"start":{"line":188,"column":12},"end":{"line":188,"column":48},"skip":true},"53":{"start":{"line":192,"column":8},"end":{"line":192,"column":35},"skip":true},"54":{"start":{"line":193,"column":8},"end":{"line":193,"column":14},"skip":true}},"branchMap":{"1":{"line":25,"type":"binary-expr","locations":[{"start":{"line":25,"column":23},"end":{"line":25,"column":62}},{"start":{"line":26,"column":20},"end":{"line":26,"column":70}},{"start":{"line":27,"column":20},"end":{"line":27,"column":71}},{"start":{"line":28,"column":20},"end":{"line":28,"column":29}}]},"2":{"line":30,"type":"binary-expr","locations":[{"start":{"line":30,"column":23},"end":{"line":30,"column":37}},{"start":{"line":31,"column":20},"end":{"line":31,"column":61}},{"start":{"line":32,"column":20},"end":{"line":32,"column":70}},{"start":{"line":33,"column":20},"end":{"line":33,"column":26}}]},"3":{"line":37,"type":"cond-expr","locations":[{"start":{"line":38,"column":14},"end":{"line":38,"column":20}},{"start":{"line":39,"column":14},"end":{"line":39,"column":20}}]},"4":{"line":40,"type":"switch","locations":[{"start":{"line":42,"column":8},"end":{"line":47,"column":18}},{"start":{"line":49,"column":8},"end":{"line":52,"column":18}}]},"5":{"line":44,"type":"binary-expr","locations":[{"start":{"line":44,"column":16},"end":{"line":44,"column":44}},{"start":{"line":44,"column":48},"end":{"line":44,"column":66}}]},"6":{"line":50,"type":"binary-expr","locations":[{"start":{"line":50,"column":21},"end":{"line":50,"column":49}},{"start":{"line":50,"column":53},"end":{"line":50,"column":72}}]},"7":{"line":64,"type":"switch","locations":[{"start":{"line":69,"column":4},"end":{"line":70,"column":14}},{"start":{"line":75,"column":4},"end":{"line":76,"column":14}}]},"8":{"line":85,"type":"switch","locations":[{"start":{"line":90,"column":4},"end":{"line":105,"column":14}},{"start":{"line":111,"column":4},"end":{"line":193,"column":14},"skip":true}]},"9":{"line":91,"type":"binary-expr","locations":[{"start":{"line":91,"column":42},"end":{"line":91,"column":73}},{"start":{"line":91,"column":77},"end":{"line":99,"column":9}}]},"10":{"line":102,"type":"binary-expr","locations":[{"start":{"line":102,"column":18},"end":{"line":102,"column":32}},{"start":{"line":103,"column":12},"end":{"line":103,"column":53}},{"start":{"line":104,"column":12},"end":{"line":104,"column":61}}]},"11":{"line":112,"type":"binary-expr","locations":[{"start":{"line":112,"column":45},"end":{"line":112,"column":79},"skip":true},{"start":{"line":112,"column":83},"end":{"line":121,"column":9},"skip":true}]},"12":{"line":123,"type":"binary-expr","locations":[{"start":{"line":123,"column":42},"end":{"line":123,"column":73},"skip":true},{"start":{"line":123,"column":77},"end":{"line":136,"column":9},"skip":true}]},"13":{"line":138,"type":"binary-expr","locations":[{"start":{"line":138,"column":48},"end":{"line":138,"column":85},"skip":true},{"start":{"line":139,"column":12},"end":{"line":145,"column":13},"skip":true}]},"14":{"line":147,"type":"binary-expr","locations":[{"start":{"line":147,"column":42},"end":{"line":147,"column":73},"skip":true},{"start":{"line":147,"column":77},"end":{"line":156,"column":9},"skip":true}]},"15":{"line":158,"type":"binary-expr","locations":[{"start":{"line":158,"column":45},"end":{"line":158,"column":79},"skip":true},{"start":{"line":158,"column":83},"end":{"line":167,"column":9},"skip":true}]},"16":{"line":169,"type":"binary-expr","locations":[{"start":{"line":169,"column":43},"end":{"line":169,"column":75},"skip":true},{"start":{"line":169,"column":79},"end":{"line":178,"column":9},"skip":true}]},"17":{"line":180,"type":"binary-expr","locations":[{"start":{"line":180,"column":41},"end":{"line":180,"column":71},"skip":true},{"start":{"line":180,"column":75},"end":{"line":189,"column":9},"skip":true}]}},"code":["/* istanbul instrument in package npmtest_imager_js */","/*jslint","    bitwise: true,","    browser: true,","    maxerr: 8,","    maxlen: 96,","    node: true,","    nomen: true,","    regexp: true,","    stupid: true","*/","(function () {","    'use strict';","    var local;","","","","    // run shared js-env code - pre-init","    (function () {","        // init local","        local = {};","        // init modeJs","        local.modeJs = (function () {","            try {","                return typeof navigator.userAgent === 'string' &&","                    typeof document.querySelector('body') === 'object' &&","                    typeof XMLHttpRequest.prototype.open === 'function' &&","                    'browser';","            } catch (errorCaughtBrowser) {","                return module.exports &&","                    typeof process.versions.node === 'string' &&","                    typeof require('http').createServer === 'function' &&","                    'node';","            }","        }());","        // init global","        local.global = local.modeJs === 'browser'","            ? window","            : global;","        switch (local.modeJs) {","        // re-init local from window.local","        case 'browser':","            local = local.global.utility2.objectSetDefault(","                local.global.utility2_rollup || local.global.local,","                local.global.utility2","            );","            break;","        // re-init local from example.js","        case 'node':","            local = (local.global.utility2_rollup || require('utility2'))","                .requireReadme();","            break;","        }","        // export local","        local.global.local = local;","    }());","","","","    // run shared js-env code - function","    (function () {","        return;","    }());","    switch (local.modeJs) {","","","","    // run browser js-env code - function","    case 'browser':","        break;","","","","    // run node js-env code - function","    case 'node':","        break;","    }","","","","    // run shared js-env code - post-init","    (function () {","        return;","    }());","    switch (local.modeJs) {","","","","    // run browser js-env code - post-init","    case 'browser':","        local.testCase_browser_nullCase = local.testCase_browser_nullCase || function (","            options,","            onError","        ) {","        /*","         * this function will test browsers's null-case handling-behavior-behavior","         */","            onError(null, options);","        };","","        // run tests","        local.nop(local.modeTest &&","            document.querySelector('#testRunButton1') &&","            document.querySelector('#testRunButton1').click());","        break;","","","","    // run node js-env code - post-init","    /* istanbul ignore next */","    case 'node':","        local.testCase_buildApidoc_default = local.testCase_buildApidoc_default || function (","            options,","            onError","        ) {","        /*","         * this function will test buildApidoc's default handling-behavior-behavior","         */","            options = { modulePathList: module.paths };","            local.buildApidoc(options, onError);","        };","","        local.testCase_buildApp_default = local.testCase_buildApp_default || function (","            options,","            onError","        ) {","        /*","         * this function will test buildApp's default handling-behavior-behavior","         */","            local.testCase_buildReadme_default(options, local.onErrorThrow);","            local.testCase_buildLib_default(options, local.onErrorThrow);","            local.testCase_buildTest_default(options, local.onErrorThrow);","            local.testCase_buildCustomOrg_default(options, local.onErrorThrow);","            options = [];","            local.buildApp(options, onError);","        };","","        local.testCase_buildCustomOrg_default = local.testCase_buildCustomOrg_default ||","            function (options, onError) {","            /*","             * this function will test buildCustomOrg's default handling-behavior","             */","                options = {};","                local.buildCustomOrg(options, onError);","            };","","        local.testCase_buildLib_default = local.testCase_buildLib_default || function (","            options,","            onError","        ) {","        /*","         * this function will test buildLib's default handling-behavior","         */","            options = {};","            local.buildLib(options, onError);","        };","","        local.testCase_buildReadme_default = local.testCase_buildReadme_default || function (","            options,","            onError","        ) {","        /*","         * this function will test buildReadme's default handling-behavior-behavior","         */","            options = {};","            local.buildReadme(options, onError);","        };","","        local.testCase_buildTest_default = local.testCase_buildTest_default || function (","            options,","            onError","        ) {","        /*","         * this function will test buildTest's default handling-behavior","         */","            options = {};","            local.buildTest(options, onError);","        };","","        local.testCase_webpage_default = local.testCase_webpage_default || function (","            options,","            onError","        ) {","        /*","         * this function will test webpage's default handling-behavior","         */","            options = { modeCoverageMerge: true, url: local.serverLocalHost + '?modeTest=1' };","            local.browserTest(options, onError);","        };","","        // run test-server","        local.testRunServer(local);","        break;","    }","}());",""],"l":{"12":2,"14":2,"19":2,"21":2,"23":2,"24":2,"25":2,"30":1,"37":2,"40":2,"43":1,"47":1,"50":1,"52":1,"55":2,"61":2,"62":2,"64":2,"70":1,"76":1,"82":2,"83":2,"85":2,"91":1,"98":1,"102":1,"105":1,"112":1,"119":1,"120":1,"123":1,"130":1,"131":1,"132":1,"133":1,"134":1,"135":1,"138":1,"143":2,"144":2,"147":1,"154":2,"155":2,"158":1,"165":2,"166":2,"169":1,"176":2,"177":2,"180":1,"187":1,"188":1,"192":1,"193":1}},"/home/travis/build/npmtest/node-npmtest-imager.js/lib.npmtest_imager.js.js":{"path":"/home/travis/build/npmtest/node-npmtest-imager.js/lib.npmtest_imager.js.js","s":{"1":2,"2":2,"3":2,"4":2,"5":2,"6":2,"7":2,"8":1,"9":2,"10":2,"11":2,"12":2,"13":1,"14":1,"15":1,"16":1},"b":{"1":[2,1,1,1],"2":[1,1,1,1],"3":[1,1],"4":[2,2],"5":[1,1]},"f":{"1":2,"2":2,"3":2},"fnMap":{"1":{"name":"(anonymous_1)","line":12,"loc":{"start":{"line":12,"column":1},"end":{"line":12,"column":13}}},"2":{"name":"(anonymous_2)","line":19,"loc":{"start":{"line":19,"column":5},"end":{"line":19,"column":17}}},"3":{"name":"(anonymous_3)","line":23,"loc":{"start":{"line":23,"column":24},"end":{"line":23,"column":36}}}},"statementMap":{"1":{"start":{"line":12,"column":0},"end":{"line":53,"column":5}},"2":{"start":{"line":14,"column":4},"end":{"line":14,"column":14}},"3":{"start":{"line":19,"column":4},"end":{"line":52,"column":9}},"4":{"start":{"line":21,"column":8},"end":{"line":21,"column":19}},"5":{"start":{"line":23,"column":8},"end":{"line":35,"column":13}},"6":{"start":{"line":24,"column":12},"end":{"line":34,"column":13}},"7":{"start":{"line":25,"column":16},"end":{"line":28,"column":30}},"8":{"start":{"line":30,"column":16},"end":{"line":33,"column":27}},"9":{"start":{"line":37,"column":8},"end":{"line":39,"column":21}},"10":{"start":{"line":41,"column":8},"end":{"line":41,"column":54}},"11":{"start":{"line":43,"column":8},"end":{"line":43,"column":54}},"12":{"start":{"line":45,"column":8},"end":{"line":51,"column":9}},"13":{"start":{"line":46,"column":12},"end":{"line":46,"column":60}},"14":{"start":{"line":48,"column":12},"end":{"line":48,"column":35}},"15":{"start":{"line":49,"column":12},"end":{"line":49,"column":49}},"16":{"start":{"line":50,"column":12},"end":{"line":50,"column":43}}},"branchMap":{"1":{"line":25,"type":"binary-expr","locations":[{"start":{"line":25,"column":23},"end":{"line":25,"column":62}},{"start":{"line":26,"column":20},"end":{"line":26,"column":70}},{"start":{"line":27,"column":20},"end":{"line":27,"column":71}},{"start":{"line":28,"column":20},"end":{"line":28,"column":29}}]},"2":{"line":30,"type":"binary-expr","locations":[{"start":{"line":30,"column":23},"end":{"line":30,"column":37}},{"start":{"line":31,"column":20},"end":{"line":31,"column":61}},{"start":{"line":32,"column":20},"end":{"line":32,"column":70}},{"start":{"line":33,"column":20},"end":{"line":33,"column":26}}]},"3":{"line":37,"type":"cond-expr","locations":[{"start":{"line":38,"column":14},"end":{"line":38,"column":20}},{"start":{"line":39,"column":14},"end":{"line":39,"column":20}}]},"4":{"line":41,"type":"binary-expr","locations":[{"start":{"line":41,"column":16},"end":{"line":41,"column":44}},{"start":{"line":41,"column":48},"end":{"line":41,"column":53}}]},"5":{"line":45,"type":"if","locations":[{"start":{"line":45,"column":8},"end":{"line":45,"column":8}},{"start":{"line":45,"column":8},"end":{"line":45,"column":8}}]}},"code":["/* istanbul instrument in package npmtest_imager_js */","/*jslint","    bitwise: true,","    browser: true,","    maxerr: 8,","    maxlen: 96,","    node: true,","    nomen: true,","    regexp: true,","    stupid: true","*/","(function () {","    'use strict';","    var local;","","","","    // run shared js-env code - pre-init","    (function () {","        // init local","        local = {};","        // init modeJs","        local.modeJs = (function () {","            try {","                return typeof navigator.userAgent === 'string' &&","                    typeof document.querySelector('body') === 'object' &&","                    typeof XMLHttpRequest.prototype.open === 'function' &&","                    'browser';","            } catch (errorCaughtBrowser) {","                return module.exports &&","                    typeof process.versions.node === 'string' &&","                    typeof require('http').createServer === 'function' &&","                    'node';","            }","        }());","        // init global","        local.global = local.modeJs === 'browser'","            ? window","            : global;","        // init utility2_rollup","        local = local.global.utility2_rollup || local;","        // init lib","        local.local = local.npmtest_imager_js = local;","        // init exports","        if (local.modeJs === 'browser') {","            local.global.utility2_npmtest_imager_js = local;","        } else {","            module.exports = local;","            module.exports.__dirname = __dirname;","            module.exports.module = module;","        }","    }());","}());",""],"l":{"12":2,"14":2,"19":2,"21":2,"23":2,"24":2,"25":2,"30":1,"37":2,"41":2,"43":2,"45":2,"46":1,"48":1,"49":1,"50":1}},"/home/travis/build/npmtest/node-npmtest-imager.js/example.js":{"path":"/home/travis/build/npmtest/node-npmtest-imager.js/example.js","s":{"1":2,"2":2,"3":2,"4":2,"5":2,"6":2,"7":2,"8":1,"9":2,"10":2,"11":2,"12":2,"13":1,"14":2,"15":2,"16":2,"17":2,"18":2,"19":0,"20":2,"21":1,"22":1,"23":1,"24":1,"25":1,"26":0,"27":0,"28":1,"29":1,"30":2,"31":0,"32":0,"33":0,"34":1,"35":2,"36":2,"37":3,"38":3,"39":3,"40":3,"41":0,"42":3,"43":3,"44":3,"45":1,"46":3,"47":1,"48":1,"49":1,"50":1,"51":1,"52":1,"53":1,"54":1,"55":1,"56":1,"57":0,"58":1,"59":6,"60":6,"61":1,"62":2,"63":0,"64":2,"65":1,"66":1,"67":0,"68":0,"69":0,"70":0,"71":0,"72":0,"73":0,"74":0,"75":0,"76":0,"77":0,"78":0,"79":0,"80":0,"81":0,"82":0,"83":0},"b":{"1":[2,1,1,1],"2":[1,1,1,1],"3":[1,1],"4":[2,2],"5":[1,1],"6":[1,1],"7":[2,0],"8":[2,1,1,1,1,1],"9":[0,2,0],"10":[1,1],"11":[2,1,1],"12":[1,0],"13":[0,2],"14":[2,0,0,0,0,0,0],"15":[0,3],"16":[3,0],"17":[1,1],"18":[0,1],"19":[1,2,0,2],"20":[1,0],"21":[1,1],"22":[0,0],"23":[0,0],"24":[0,0],"25":[0,0],"26":[0,0],"27":[0,0],"28":[0,0]},"f":{"1":2,"2":2,"3":2,"4":2,"5":2,"6":2,"7":3,"8":3,"9":3,"10":1,"11":6,"12":0},"fnMap":{"1":{"name":"(anonymous_1)","line":26,"loc":{"start":{"line":26,"column":1},"end":{"line":26,"column":13}}},"2":{"name":"(anonymous_2)","line":33,"loc":{"start":{"line":33,"column":5},"end":{"line":33,"column":17}}},"3":{"name":"(anonymous_3)","line":37,"loc":{"start":{"line":37,"column":24},"end":{"line":37,"column":36}}},"4":{"name":"(anonymous_4)","line":69,"loc":{"start":{"line":69,"column":31},"end":{"line":69,"column":48}},"skip":true},"5":{"name":"(anonymous_5)","line":78,"loc":{"start":{"line":78,"column":26},"end":{"line":78,"column":45}},"skip":true},"6":{"name":"(anonymous_6)","line":123,"loc":{"start":{"line":123,"column":33},"end":{"line":123,"column":48}},"skip":true},"7":{"name":"(anonymous_7)","line":125,"loc":{"start":{"line":125,"column":27},"end":{"line":125,"column":39}},"skip":true},"8":{"name":"(anonymous_8)","line":133,"loc":{"start":{"line":133,"column":59},"end":{"line":133,"column":74}},"skip":true},"9":{"name":"(anonymous_9)","line":143,"loc":{"start":{"line":143,"column":45},"end":{"line":143,"column":62}},"skip":true},"10":{"name":"(anonymous_10)","line":144,"loc":{"start":{"line":144,"column":73},"end":{"line":144,"column":92}},"skip":true},"11":{"name":"(anonymous_11)","line":272,"loc":{"start":{"line":272,"column":51},"end":{"line":272,"column":77}},"skip":true},"12":{"name":"(anonymous_12)","line":315,"loc":{"start":{"line":315,"column":32},"end":{"line":315,"column":61}},"skip":true}},"statementMap":{"1":{"start":{"line":26,"column":0},"end":{"line":326,"column":5}},"2":{"start":{"line":28,"column":4},"end":{"line":28,"column":14}},"3":{"start":{"line":33,"column":4},"end":{"line":60,"column":9}},"4":{"start":{"line":35,"column":8},"end":{"line":35,"column":19}},"5":{"start":{"line":37,"column":8},"end":{"line":49,"column":13}},"6":{"start":{"line":38,"column":12},"end":{"line":48,"column":13}},"7":{"start":{"line":39,"column":16},"end":{"line":42,"column":30}},"8":{"start":{"line":44,"column":16},"end":{"line":47,"column":27}},"9":{"start":{"line":51,"column":8},"end":{"line":53,"column":21}},"10":{"start":{"line":55,"column":8},"end":{"line":57,"column":45}},"11":{"start":{"line":59,"column":8},"end":{"line":59,"column":35}},"12":{"start":{"line":61,"column":4},"end":{"line":325,"column":5}},"13":{"start":{"line":69,"column":8},"end":{"line":121,"column":10},"skip":true},"14":{"start":{"line":70,"column":12},"end":{"line":88,"column":13},"skip":true},"15":{"start":{"line":76,"column":16},"end":{"line":87,"column":19},"skip":true},"16":{"start":{"line":79,"column":20},"end":{"line":86,"column":21},"skip":true},"17":{"start":{"line":82,"column":24},"end":{"line":82,"column":43},"skip":true},"18":{"start":{"line":83,"column":24},"end":{"line":83,"column":30},"skip":true},"19":{"start":{"line":85,"column":24},"end":{"line":85,"column":49},"skip":true},"20":{"start":{"line":89,"column":12},"end":{"line":107,"column":13},"skip":true},"21":{"start":{"line":92,"column":16},"end":{"line":102,"column":17},"skip":true},"22":{"start":{"line":93,"column":20},"end":{"line":93,"column":86},"skip":true},"23":{"start":{"line":94,"column":20},"end":{"line":95,"column":45},"skip":true},"24":{"start":{"line":96,"column":20},"end":{"line":96,"column":42},"skip":true},"25":{"start":{"line":97,"column":20},"end":{"line":97,"column":48},"skip":true},"26":{"start":{"line":100,"column":20},"end":{"line":100,"column":85},"skip":true},"27":{"start":{"line":101,"column":20},"end":{"line":101,"column":96},"skip":true},"28":{"start":{"line":103,"column":16},"end":{"line":103,"column":22},"skip":true},"29":{"start":{"line":106,"column":16},"end":{"line":106,"column":22},"skip":true},"30":{"start":{"line":108,"column":12},"end":{"line":120,"column":13},"skip":true},"31":{"start":{"line":114,"column":16},"end":{"line":119,"column":17},"skip":true},"32":{"start":{"line":116,"column":20},"end":{"line":116,"column":78},"skip":true},"33":{"start":{"line":118,"column":20},"end":{"line":118,"column":47},"skip":true},"34":{"start":{"line":123,"column":8},"end":{"line":141,"column":11},"skip":true},"35":{"start":{"line":124,"column":12},"end":{"line":124,"column":54},"skip":true},"36":{"start":{"line":125,"column":12},"end":{"line":140,"column":14},"skip":true},"37":{"start":{"line":126,"column":16},"end":{"line":126,"column":28},"skip":true},"38":{"start":{"line":127,"column":16},"end":{"line":127,"column":69},"skip":true},"39":{"start":{"line":128,"column":16},"end":{"line":128,"column":75},"skip":true},"40":{"start":{"line":129,"column":16},"end":{"line":131,"column":17},"skip":true},"41":{"start":{"line":130,"column":20},"end":{"line":130,"column":27},"skip":true},"42":{"start":{"line":133,"column":16},"end":{"line":137,"column":36},"skip":true},"43":{"start":{"line":134,"column":20},"end":{"line":136,"column":55},"skip":true},"44":{"start":{"line":139,"column":16},"end":{"line":139,"column":57},"skip":true},"45":{"start":{"line":143,"column":8},"end":{"line":147,"column":11},"skip":true},"46":{"start":{"line":144,"column":12},"end":{"line":146,"column":15},"skip":true},"47":{"start":{"line":145,"column":16},"end":{"line":145,"column":70},"skip":true},"48":{"start":{"line":149,"column":8},"end":{"line":149,"column":31},"skip":true},"49":{"start":{"line":150,"column":8},"end":{"line":150,"column":14},"skip":true},"50":{"start":{"line":158,"column":8},"end":{"line":158,"column":31},"skip":true},"51":{"start":{"line":160,"column":8},"end":{"line":160,"column":33},"skip":true},"52":{"start":{"line":161,"column":8},"end":{"line":161,"column":37},"skip":true},"53":{"start":{"line":162,"column":8},"end":{"line":162,"column":35},"skip":true},"54":{"start":{"line":164,"column":8},"end":{"line":164,"column":50},"skip":true},"55":{"start":{"line":166,"column":8},"end":{"line":256,"column":2},"skip":true},"56":{"start":{"line":258,"column":8},"end":{"line":286,"column":9},"skip":true},"57":{"start":{"line":259,"column":12},"end":{"line":269,"column":14},"skip":true},"58":{"start":{"line":271,"column":12},"end":{"line":285,"column":19},"skip":true},"59":{"start":{"line":274,"column":20},"end":{"line":274,"column":35},"skip":true},"60":{"start":{"line":275,"column":20},"end":{"line":284,"column":21},"skip":true},"61":{"start":{"line":277,"column":24},"end":{"line":277,"column":64},"skip":true},"62":{"start":{"line":279,"column":24},"end":{"line":279,"column":40},"skip":true},"63":{"start":{"line":281,"column":24},"end":{"line":281,"column":40},"skip":true},"64":{"start":{"line":283,"column":24},"end":{"line":283,"column":39},"skip":true},"65":{"start":{"line":288,"column":8},"end":{"line":290,"column":9},"skip":true},"66":{"start":{"line":289,"column":12},"end":{"line":289,"column":18},"skip":true},"67":{"start":{"line":291,"column":8},"end":{"line":293,"column":54},"skip":true},"68":{"start":{"line":296,"column":8},"end":{"line":301,"column":37},"skip":true},"69":{"start":{"line":303,"column":8},"end":{"line":303,"column":82},"skip":true},"70":{"start":{"line":306,"column":8},"end":{"line":308,"column":9},"skip":true},"71":{"start":{"line":307,"column":12},"end":{"line":307,"column":82},"skip":true},"72":{"start":{"line":310,"column":8},"end":{"line":312,"column":9},"skip":true},"73":{"start":{"line":311,"column":12},"end":{"line":311,"column":18},"skip":true},"74":{"start":{"line":313,"column":8},"end":{"line":313,"column":54},"skip":true},"75":{"start":{"line":314,"column":8},"end":{"line":314,"column":69},"skip":true},"76":{"start":{"line":315,"column":8},"end":{"line":323,"column":36},"skip":true},"77":{"start":{"line":316,"column":12},"end":{"line":316,"column":61},"skip":true},"78":{"start":{"line":317,"column":12},"end":{"line":320,"column":13},"skip":true},"79":{"start":{"line":318,"column":16},"end":{"line":318,"column":75},"skip":true},"80":{"start":{"line":319,"column":16},"end":{"line":319,"column":23},"skip":true},"81":{"start":{"line":321,"column":12},"end":{"line":321,"column":38},"skip":true},"82":{"start":{"line":322,"column":12},"end":{"line":322,"column":27},"skip":true},"83":{"start":{"line":324,"column":8},"end":{"line":324,"column":14},"skip":true}},"branchMap":{"1":{"line":39,"type":"binary-expr","locations":[{"start":{"line":39,"column":23},"end":{"line":39,"column":62}},{"start":{"line":40,"column":20},"end":{"line":40,"column":70}},{"start":{"line":41,"column":20},"end":{"line":41,"column":71}},{"start":{"line":42,"column":20},"end":{"line":42,"column":29}}]},"2":{"line":44,"type":"binary-expr","locations":[{"start":{"line":44,"column":23},"end":{"line":44,"column":37}},{"start":{"line":45,"column":20},"end":{"line":45,"column":61}},{"start":{"line":46,"column":20},"end":{"line":46,"column":70}},{"start":{"line":47,"column":20},"end":{"line":47,"column":26}}]},"3":{"line":51,"type":"cond-expr","locations":[{"start":{"line":52,"column":14},"end":{"line":52,"column":20}},{"start":{"line":53,"column":14},"end":{"line":53,"column":20}}]},"4":{"line":55,"type":"binary-expr","locations":[{"start":{"line":55,"column":16},"end":{"line":55,"column":44}},{"start":{"line":55,"column":49},"end":{"line":57,"column":43}}]},"5":{"line":55,"type":"cond-expr","locations":[{"start":{"line":56,"column":14},"end":{"line":56,"column":53}},{"start":{"line":57,"column":14},"end":{"line":57,"column":43}}]},"6":{"line":61,"type":"switch","locations":[{"start":{"line":68,"column":4},"end":{"line":150,"column":14},"skip":true},{"start":{"line":156,"column":4},"end":{"line":324,"column":14},"skip":true}]},"7":{"line":70,"type":"if","locations":[{"start":{"line":70,"column":12},"end":{"line":70,"column":12},"skip":true},{"start":{"line":70,"column":12},"end":{"line":70,"column":12},"skip":true}]},"8":{"line":70,"type":"binary-expr","locations":[{"start":{"line":70,"column":16},"end":{"line":70,"column":22},"skip":true},{"start":{"line":70,"column":27},"end":{"line":70,"column":32},"skip":true},{"start":{"line":71,"column":20},"end":{"line":71,"column":39},"skip":true},{"start":{"line":72,"column":20},"end":{"line":72,"column":49},"skip":true},{"start":{"line":73,"column":20},"end":{"line":73,"column":58},"skip":true},{"start":{"line":74,"column":20},"end":{"line":74,"column":69},"skip":true}]},"9":{"line":79,"type":"switch","locations":[{"start":{"line":80,"column":20},"end":{"line":80,"column":33},"skip":true},{"start":{"line":81,"column":20},"end":{"line":83,"column":30},"skip":true},{"start":{"line":84,"column":20},"end":{"line":85,"column":49},"skip":true}]},"10":{"line":89,"type":"switch","locations":[{"start":{"line":90,"column":12},"end":{"line":103,"column":22},"skip":true},{"start":{"line":105,"column":12},"end":{"line":106,"column":22},"skip":true}]},"11":{"line":89,"type":"binary-expr","locations":[{"start":{"line":89,"column":20},"end":{"line":89,"column":25},"skip":true},{"start":{"line":89,"column":29},"end":{"line":89,"column":48},"skip":true},{"start":{"line":89,"column":52},"end":{"line":89,"column":74},"skip":true}]},"12":{"line":92,"type":"if","locations":[{"start":{"line":92,"column":16},"end":{"line":92,"column":16},"skip":true},{"start":{"line":92,"column":16},"end":{"line":92,"column":16},"skip":true}]},"13":{"line":108,"type":"if","locations":[{"start":{"line":108,"column":12},"end":{"line":108,"column":12},"skip":true},{"start":{"line":108,"column":12},"end":{"line":108,"column":12},"skip":true}]},"14":{"line":108,"type":"binary-expr","locations":[{"start":{"line":108,"column":16},"end":{"line":108,"column":61},"skip":true},{"start":{"line":108,"column":66},"end":{"line":108,"column":72},"skip":true},{"start":{"line":108,"column":77},"end":{"line":108,"column":82},"skip":true},{"start":{"line":109,"column":20},"end":{"line":109,"column":39},"skip":true},{"start":{"line":110,"column":20},"end":{"line":110,"column":49},"skip":true},{"start":{"line":111,"column":20},"end":{"line":111,"column":58},"skip":true},{"start":{"line":112,"column":20},"end":{"line":112,"column":68},"skip":true}]},"15":{"line":129,"type":"if","locations":[{"start":{"line":129,"column":16},"end":{"line":129,"column":16},"skip":true},{"start":{"line":129,"column":16},"end":{"line":129,"column":16},"skip":true}]},"16":{"line":134,"type":"cond-expr","locations":[{"start":{"line":135,"column":26},"end":{"line":135,"column":29},"skip":true},{"start":{"line":136,"column":26},"end":{"line":136,"column":54},"skip":true}]},"17":{"line":164,"type":"binary-expr","locations":[{"start":{"line":164,"column":27},"end":{"line":164,"column":43},"skip":true},{"start":{"line":164,"column":47},"end":{"line":164,"column":49},"skip":true}]},"18":{"line":258,"type":"if","locations":[{"start":{"line":258,"column":8},"end":{"line":258,"column":8},"skip":true},{"start":{"line":258,"column":8},"end":{"line":258,"column":8},"skip":true}]},"19":{"line":275,"type":"switch","locations":[{"start":{"line":276,"column":20},"end":{"line":277,"column":64},"skip":true},{"start":{"line":278,"column":20},"end":{"line":279,"column":40},"skip":true},{"start":{"line":280,"column":20},"end":{"line":281,"column":40},"skip":true},{"start":{"line":282,"column":20},"end":{"line":283,"column":39},"skip":true}]},"20":{"line":288,"type":"if","locations":[{"start":{"line":288,"column":8},"end":{"line":288,"column":8},"skip":true},{"start":{"line":288,"column":8},"end":{"line":288,"column":8},"skip":true}]},"21":{"line":288,"type":"binary-expr","locations":[{"start":{"line":288,"column":12},"end":{"line":288,"column":40},"skip":true},{"start":{"line":288,"column":44},"end":{"line":288,"column":67},"skip":true}]},"22":{"line":292,"type":"binary-expr","locations":[{"start":{"line":292,"column":12},"end":{"line":292,"column":50},"skip":true},{"start":{"line":293,"column":12},"end":{"line":293,"column":53},"skip":true}]},"23":{"line":297,"type":"binary-expr","locations":[{"start":{"line":297,"column":12},"end":{"line":297,"column":67},"skip":true},{"start":{"line":298,"column":12},"end":{"line":301,"column":36},"skip":true}]},"24":{"line":303,"type":"binary-expr","locations":[{"start":{"line":303,"column":43},"end":{"line":303,"column":75},"skip":true},{"start":{"line":303,"column":79},"end":{"line":303,"column":81},"skip":true}]},"25":{"line":306,"type":"if","locations":[{"start":{"line":306,"column":8},"end":{"line":306,"column":8},"skip":true},{"start":{"line":306,"column":8},"end":{"line":306,"column":8},"skip":true}]},"26":{"line":310,"type":"if","locations":[{"start":{"line":310,"column":8},"end":{"line":310,"column":8},"skip":true},{"start":{"line":310,"column":8},"end":{"line":310,"column":8},"skip":true}]},"27":{"line":313,"type":"binary-expr","locations":[{"start":{"line":313,"column":27},"end":{"line":313,"column":43},"skip":true},{"start":{"line":313,"column":47},"end":{"line":313,"column":53},"skip":true}]},"28":{"line":317,"type":"if","locations":[{"start":{"line":317,"column":12},"end":{"line":317,"column":12},"skip":true},{"start":{"line":317,"column":12},"end":{"line":317,"column":12},"skip":true}]}},"code":["/*","example.js","","quickstart example","","instruction","    1. save this script as example.js","    2. run the shell command:","        $ npm install npmtest-imager.js && PORT=8081 node example.js","    3. play with the browser-demo on http://127.0.0.1:8081","*/","","","","/* istanbul instrument in package npmtest_imager_js */","/*jslint","    bitwise: true,","    browser: true,","    maxerr: 8,","    maxlen: 96,","    node: true,","    nomen: true,","    regexp: true,","    stupid: true","*/","(function () {","    'use strict';","    var local;","","","","    // run shared js-env code - pre-init","    (function () {","        // init local","        local = {};","        // init modeJs","        local.modeJs = (function () {","            try {","                return typeof navigator.userAgent === 'string' &&","                    typeof document.querySelector('body') === 'object' &&","                    typeof XMLHttpRequest.prototype.open === 'function' &&","                    'browser';","            } catch (errorCaughtBrowser) {","                return module.exports &&","                    typeof process.versions.node === 'string' &&","                    typeof require('http').createServer === 'function' &&","                    'node';","            }","        }());","        // init global","        local.global = local.modeJs === 'browser'","            ? window","            : global;","        // init utility2_rollup","        local = local.global.utility2_rollup || (local.modeJs === 'browser'","            ? local.global.utility2_npmtest_imager_js","            : global.utility2_moduleExports);","        // export local","        local.global.local = local;","    }());","    switch (local.modeJs) {","","","","    // post-init","    // run browser js-env code - post-init","    /* istanbul ignore next */","    case 'browser':","        local.testRunBrowser = function (event) {","            if (!event || (event &&","                    event.currentTarget &&","                    event.currentTarget.className &&","                    event.currentTarget.className.includes &&","                    event.currentTarget.className.includes('onreset'))) {","                // reset output","                Array.from(","                    document.querySelectorAll('body > .resettable')","                ).forEach(function (element) {","                    switch (element.tagName) {","                    case 'INPUT':","                    case 'TEXTAREA':","                        element.value = '';","                        break;","                    default:","                        element.textContent = '';","                    }","                });","            }","            switch (event && event.currentTarget && event.currentTarget.id) {","            case 'testRunButton1':","                // show tests","                if (document.querySelector('#testReportDiv1').style.display === 'none') {","                    document.querySelector('#testReportDiv1').style.display = 'block';","                    document.querySelector('#testRunButton1').textContent =","                        'hide internal test';","                    local.modeTest = true;","                    local.testRunDefault(local);","                // hide tests","                } else {","                    document.querySelector('#testReportDiv1').style.display = 'none';","                    document.querySelector('#testRunButton1').textContent = 'run internal test';","                }","                break;","            // custom-case","            default:","                break;","            }","            if (document.querySelector('#inputTextareaEval1') && (!event || (event &&","                    event.currentTarget &&","                    event.currentTarget.className &&","                    event.currentTarget.className.includes &&","                    event.currentTarget.className.includes('oneval')))) {","                // try to eval input-code","                try {","                    /*jslint evil: true*/","                    eval(document.querySelector('#inputTextareaEval1').value);","                } catch (errorCaught) {","                    console.error(errorCaught);","                }","            }","        };","        // log stderr and stdout to #outputTextareaStdout1","        ['error', 'log'].forEach(function (key) {","            console[key + '_original'] = console[key];","            console[key] = function () {","                var element;","                console[key + '_original'].apply(console, arguments);","                element = document.querySelector('#outputTextareaStdout1');","                if (!element) {","                    return;","                }","                // append text to #outputTextareaStdout1","                element.value += Array.from(arguments).map(function (arg) {","                    return typeof arg === 'string'","                        ? arg","                        : JSON.stringify(arg, null, 4);","                }).join(' ') + '\\n';","                // scroll textarea to bottom","                element.scrollTop = element.scrollHeight;","            };","        });","        // init event-handling","        ['change', 'click', 'keyup'].forEach(function (event) {","            Array.from(document.querySelectorAll('.on' + event)).forEach(function (element) {","                element.addEventListener(event, local.testRunBrowser);","            });","        });","        // run tests","        local.testRunBrowser();","        break;","","","","    // run node js-env code - post-init","    /* istanbul ignore next */","    case 'node':","        // export local","        module.exports = local;","        // require modules","        local.fs = require('fs');","        local.http = require('http');","        local.url = require('url');","        // init assets","        local.assetsDict = local.assetsDict || {};","        /* jslint-ignore-begin */","        local.assetsDict['/assets.index.template.html'] = '\\","<!doctype html>\\n\\","<html lang=\"en\">\\n\\","<head>\\n\\","<meta charset=\"UTF-8\">\\n\\","<meta name=\"viewport\" content=\"width=device-width, initial-scale=1\">\\n\\","<title>{{env.npm_package_name}} (v{{env.npm_package_version}})</title>\\n\\","<style>\\n\\","/*csslint\\n\\","    box-sizing: false,\\n\\","    universal-selector: false\\n\\","*/\\n\\","* {\\n\\","    box-sizing: border-box;\\n\\","}\\n\\","body {\\n\\","    background: #dde;\\n\\","    font-family: Arial, Helvetica, sans-serif;\\n\\","    margin: 2rem;\\n\\","}\\n\\","body > * {\\n\\","    margin-bottom: 1rem;\\n\\","}\\n\\",".utility2FooterDiv {\\n\\","    margin-top: 20px;\\n\\","    text-align: center;\\n\\","}\\n\\","</style>\\n\\","<style>\\n\\","/*csslint\\n\\","*/\\n\\","textarea {\\n\\","    font-family: monospace;\\n\\","    height: 10rem;\\n\\","    width: 100%;\\n\\","}\\n\\","textarea[readonly] {\\n\\","    background: #ddd;\\n\\","}\\n\\","</style>\\n\\","</head>\\n\\","<body>\\n\\","<!-- utility2-comment\\n\\","<div id=\"ajaxProgressDiv1\" style=\"background: #d00; height: 2px; left: 0; margin: 0; padding: 0; position: fixed; top: 0; transition: background 0.5s, width 1.5s; width: 25%;\"></div>\\n\\","utility2-comment -->\\n\\","<h1>\\n\\","<!-- utility2-comment\\n\\","    <a\\n\\","        {{#if env.npm_package_homepage}}\\n\\","        href=\"{{env.npm_package_homepage}}\"\\n\\","        {{/if env.npm_package_homepage}}\\n\\","        target=\"_blank\"\\n\\","    >\\n\\","utility2-comment -->\\n\\","        {{env.npm_package_name}} (v{{env.npm_package_version}})\\n\\","<!-- utility2-comment\\n\\","    </a>\\n\\","utility2-comment -->\\n\\","</h1>\\n\\","<h3>{{env.npm_package_description}}</h3>\\n\\","<!-- utility2-comment\\n\\","<h4><a download href=\"assets.app.js\">download standalone app</a></h4>\\n\\","<button class=\"onclick onreset\" id=\"testRunButton1\">run internal test</button><br>\\n\\","<div id=\"testReportDiv1\" style=\"display: none;\"></div>\\n\\","utility2-comment -->\\n\\","\\n\\","\\n\\","\\n\\","<label>stderr and stdout</label>\\n\\","<textarea class=\"resettable\" id=\"outputTextareaStdout1\" readonly></textarea>\\n\\","<!-- utility2-comment\\n\\","{{#if isRollup}}\\n\\","<script src=\"assets.app.js\"></script>\\n\\","{{#unless isRollup}}\\n\\","utility2-comment -->\\n\\","<script src=\"assets.utility2.rollup.js\"></script>\\n\\","<script src=\"jsonp.utility2._stateInit?callback=window.utility2._stateInit\"></script>\\n\\","<script src=\"assets.npmtest_imager_js.rollup.js\"></script>\\n\\","<script src=\"assets.example.js\"></script>\\n\\","<script src=\"assets.test.js\"></script>\\n\\","<!-- utility2-comment\\n\\","{{/if isRollup}}\\n\\","utility2-comment -->\\n\\","<div class=\"utility2FooterDiv\">\\n\\","    [ this app was created with\\n\\","    <a href=\"https://github.com/kaizhu256/node-utility2\" target=\"_blank\">utility2</a>\\n\\","    ]\\n\\","</div>\\n\\","</body>\\n\\","</html>\\n\\","';","        /* jslint-ignore-end */","        if (local.templateRender) {","            local.assetsDict['/'] = local.templateRender(","                local.assetsDict['/assets.index.template.html'],","                {","                    env: local.objectSetDefault(local.env, {","                        npm_package_description: 'the greatest app in the world!',","                        npm_package_name: 'my-app',","                        npm_package_nameAlias: 'my_app',","                        npm_package_version: '0.0.1'","                    })","                }","            );","        } else {","            local.assetsDict['/'] = local.assetsDict['/assets.index.template.html']","                .replace((/\\{\\{env\\.(\\w+?)\\}\\}/g), function (match0, match1) {","                    // jslint-hack","                    String(match0);","                    switch (match1) {","                    case 'npm_package_description':","                        return 'the greatest app in the world!';","                    case 'npm_package_name':","                        return 'my-app';","                    case 'npm_package_nameAlias':","                        return 'my_app';","                    case 'npm_package_version':","                        return '0.0.1';","                    }","                });","        }","        // run the cli","        if (local.global.utility2_rollup || module !== require.main) {","            break;","        }","        local.assetsDict['/assets.example.js'] =","            local.assetsDict['/assets.example.js'] ||","            local.fs.readFileSync(__filename, 'utf8');","        // bug-workaround - long $npm_package_buildCustomOrg","        /* jslint-ignore-begin */","        local.assetsDict['/assets.npmtest_imager_js.rollup.js'] =","            local.assetsDict['/assets.npmtest_imager_js.rollup.js'] ||","            local.fs.readFileSync(","                local.npmtest_imager_js.__dirname + '/lib.npmtest_imager_js.js',","                'utf8'","            ).replace((/^#!/), '//');","        /* jslint-ignore-end */","        local.assetsDict['/favicon.ico'] = local.assetsDict['/favicon.ico'] || '';","        // if $npm_config_timeout_exit exists,","        // then exit this process after $npm_config_timeout_exit ms","        if (Number(process.env.npm_config_timeout_exit)) {","            setTimeout(process.exit, Number(process.env.npm_config_timeout_exit));","        }","        // start server","        if (local.global.utility2_serverHttp1) {","            break;","        }","        process.env.PORT = process.env.PORT || '8081';","        console.error('server starting on port ' + process.env.PORT);","        local.http.createServer(function (request, response) {","            request.urlParsed = local.url.parse(request.url);","            if (local.assetsDict[request.urlParsed.pathname] !== undefined) {","                response.end(local.assetsDict[request.urlParsed.pathname]);","                return;","            }","            response.statusCode = 404;","            response.end();","        }).listen(process.env.PORT);","        break;","    }","}());",""],"l":{"26":2,"28":2,"33":2,"35":2,"37":2,"38":2,"39":2,"44":1,"51":2,"55":2,"59":2,"61":2,"69":1,"70":2,"76":2,"79":2,"82":2,"83":2,"85":1,"89":2,"92":1,"93":1,"94":1,"96":1,"97":1,"100":1,"101":1,"103":1,"106":1,"108":2,"114":1,"116":1,"118":1,"123":1,"124":2,"125":2,"126":3,"127":3,"128":3,"129":3,"130":1,"133":3,"134":3,"139":3,"143":1,"144":3,"145":1,"149":1,"150":1,"158":1,"160":1,"161":1,"162":1,"164":1,"166":1,"258":1,"259":1,"271":1,"274":6,"275":6,"277":1,"279":2,"281":1,"283":2,"288":1,"289":1,"291":1,"296":1,"303":1,"306":1,"307":1,"310":1,"311":1,"313":1,"314":1,"315":1,"316":1,"317":1,"318":1,"319":1,"321":1,"322":1,"324":1}},"/home/travis/build/npmtest/node-npmtest-imager.js/node_modules/imager.js/Imager.js":{"path":"/home/travis/build/npmtest/node-npmtest-imager.js/node_modules/imager.js/Imager.js","s":{"1":2,"2":0,"3":0,"4":0,"5":0,"6":0,"7":0,"8":0,"9":0,"10":0,"11":0,"12":0,"13":0,"14":0,"15":0,"16":0,"17":0,"18":0,"19":0,"20":0,"21":0,"22":0,"23":0,"24":0,"25":0,"26":0,"27":0,"28":0,"29":0,"30":0,"31":0,"32":0,"33":0,"34":0,"35":0,"36":0,"37":0,"38":0,"39":0,"40":0,"41":0,"42":0,"43":0,"44":0,"45":0,"46":0,"47":0,"48":0,"49":0,"50":0,"51":0,"52":0,"53":0,"54":0,"55":0,"56":0,"57":0,"58":0,"59":0,"60":0,"61":0,"62":0,"63":0,"64":0,"65":0,"66":0,"67":0,"68":0,"69":0,"70":0,"71":0,"72":0,"73":0,"74":0,"75":0,"76":0,"77":0,"78":0,"79":0,"80":0,"81":0,"82":0,"83":0,"84":0,"85":0,"86":0,"87":0,"88":0,"89":0,"90":0,"91":0,"92":0,"93":0,"94":0,"95":0,"96":0,"97":0,"98":0,"99":0,"100":0,"101":0,"102":0,"103":0,"104":0,"105":0,"106":0,"107":0,"108":0,"109":0,"110":0,"111":0,"112":0,"113":0,"114":0,"115":0,"116":0,"117":0,"118":0,"119":0,"120":0,"121":0,"122":0,"123":0,"124":0,"125":0,"126":0,"127":0,"128":0,"129":0,"130":0,"131":0,"132":0,"133":0,"134":0,"135":0,"136":0,"137":0,"138":0,"139":0,"140":0,"141":0,"142":0,"143":0,"144":0,"145":0,"146":0,"147":0,"148":0,"149":0,"150":0,"151":0,"152":0,"153":0,"154":0,"155":0,"156":0,"157":0,"158":0,"159":0,"160":0,"161":0,"162":0,"163":0,"164":0,"165":0,"166":0,"167":0,"168":0,"169":0,"170":0,"171":0,"172":0,"173":0,"174":0,"175":0,"176":0,"177":0,"178":0,"179":0,"180":0,"181":0,"182":0,"183":0,"184":0,"185":0,"186":0,"187":0,"188":0,"189":0,"190":0,"191":0,"192":0,"193":0,"194":0,"195":0,"196":0,"197":0,"198":0,"199":0,"200":0,"201":0,"202":0,"203":0,"204":0,"205":0,"206":0,"207":0,"208":0,"209":0,"210":0,"211":0,"212":0,"213":0,"214":0,"215":0,"216":0,"217":0,"218":0,"219":0,"220":0,"221":0,"222":0,"223":0,"224":0},"b":{"1":[0,0],"2":[0,0],"3":[0,0],"4":[0,0],"5":[0,0],"6":[0,0],"7":[0,0],"8":[0,0],"9":[0,0],"10":[0,0],"11":[0,0],"12":[0,0],"13":[0,0],"14":[0,0],"15":[0,0],"16":[0,0],"17":[0,0],"18":[0,0],"19":[0,0],"20":[0,0],"21":[0,0],"22":[0,0],"23":[0,0],"24":[0,0],"25":[0,0],"26":[0,0],"27":[0,0],"28":[0,0],"29":[0,0],"30":[0,0],"31":[0,0],"32":[0,0],"33":[0,0],"34":[0,0],"35":[0,0],"36":[0,0],"37":[0,0],"38":[0,0],"39":[0,0],"40":[0,0],"41":[0,0],"42":[0,0],"43":[0,0],"44":[0,0],"45":[0,0],"46":[0,0],"47":[0,0],"48":[0,0],"49":[0,0],"50":[0,0],"51":[0,0],"52":[0,0],"53":[0,0],"54":[0,0],"55":[0,0],"56":[0,0]},"f":{"1":0,"2":0,"3":0,"4":0,"5":0,"6":0,"7":0,"8":0,"9":0,"10":0,"11":0,"12":0,"13":0,"14":0,"15":0,"16":0,"17":0,"18":0,"19":0,"20":0,"21":0,"22":0,"23":0,"24":0,"25":0,"26":0,"27":0,"28":0,"29":0,"30":0,"31":0,"32":0,"33":0,"34":0,"35":0,"36":0,"37":0,"38":0,"39":0,"40":0,"41":0,"42":0,"43":0,"44":0,"45":0,"46":0,"47":0,"48":0,"49":0,"50":0},"fnMap":{"1":{"name":"(anonymous_1)","line":1,"loc":{"start":{"line":1,"column":2},"end":{"line":1,"column":30}}},"2":{"name":"(anonymous_2)","line":4,"loc":{"start":{"line":4,"column":20},"end":{"line":4,"column":32}}},"3":{"name":"addStandardEventListener","line":6,"loc":{"start":{"line":6,"column":19},"end":{"line":6,"column":72}}},"4":{"name":"addIEEventListener","line":11,"loc":{"start":{"line":11,"column":19},"end":{"line":11,"column":66}}},"5":{"name":"(anonymous_5)","line":19,"loc":{"start":{"line":19,"column":68},"end":{"line":19,"column":86}}},"6":{"name":"(anonymous_6)","line":30,"loc":{"start":{"line":30,"column":20},"end":{"line":30,"column":56}}},"7":{"name":"(anonymous_7)","line":42,"loc":{"start":{"line":42,"column":19},"end":{"line":42,"column":36}}},"8":{"name":"(anonymous_8)","line":43,"loc":{"start":{"line":43,"column":15},"end":{"line":43,"column":27}}},"9":{"name":"(anonymous_9)","line":44,"loc":{"start":{"line":44,"column":17},"end":{"line":44,"column":29}}},"10":{"name":"(anonymous_10)","line":46,"loc":{"start":{"line":46,"column":19},"end":{"line":46,"column":39}}},"11":{"name":"(anonymous_11)","line":48,"loc":{"start":{"line":48,"column":15},"end":{"line":48,"column":27}}},"12":{"name":"(anonymous_12)","line":50,"loc":{"start":{"line":50,"column":24},"end":{"line":50,"column":36}}},"13":{"name":"(anonymous_13)","line":88,"loc":{"start":{"line":88,"column":17},"end":{"line":88,"column":43}}},"14":{"name":"(anonymous_14)","line":141,"loc":{"start":{"line":141,"column":59},"end":{"line":141,"column":75}}},"15":{"name":"(anonymous_15)","line":150,"loc":{"start":{"line":150,"column":19},"end":{"line":150,"column":31}}},"16":{"name":"(anonymous_16)","line":155,"loc":{"start":{"line":155,"column":27},"end":{"line":155,"column":57}}},"17":{"name":"(anonymous_17)","line":169,"loc":{"start":{"line":169,"column":35},"end":{"line":169,"column":47}}},"18":{"name":"(anonymous_18)","line":176,"loc":{"start":{"line":176,"column":33},"end":{"line":176,"column":52}}},"19":{"name":"(anonymous_19)","line":195,"loc":{"start":{"line":195,"column":28},"end":{"line":195,"column":40}}},"20":{"name":"(anonymous_20)","line":207,"loc":{"start":{"line":207,"column":23},"end":{"line":207,"column":42}}},"21":{"name":"(anonymous_21)","line":229,"loc":{"start":{"line":229,"column":29},"end":{"line":229,"column":43}}},"22":{"name":"(anonymous_22)","line":233,"loc":{"start":{"line":233,"column":33},"end":{"line":233,"column":52}}},"23":{"name":"(anonymous_23)","line":257,"loc":{"start":{"line":257,"column":47},"end":{"line":257,"column":67}}},"24":{"name":"(anonymous_24)","line":260,"loc":{"start":{"line":260,"column":28},"end":{"line":260,"column":50}}},"25":{"name":"(anonymous_25)","line":276,"loc":{"start":{"line":276,"column":37},"end":{"line":276,"column":56}}},"26":{"name":"(anonymous_26)","line":286,"loc":{"start":{"line":286,"column":45},"end":{"line":286,"column":64}}},"27":{"name":"(anonymous_27)","line":302,"loc":{"start":{"line":302,"column":48},"end":{"line":302,"column":76}}},"28":{"name":"(anonymous_28)","line":310,"loc":{"start":{"line":310,"column":30},"end":{"line":310,"column":47}}},"29":{"name":"(anonymous_29)","line":326,"loc":{"start":{"line":326,"column":60},"end":{"line":326,"column":77}}},"30":{"name":"(anonymous_30)","line":344,"loc":{"start":{"line":344,"column":54},"end":{"line":344,"column":71}}},"31":{"name":"refreshPixelRatio","line":357,"loc":{"start":{"line":357,"column":41},"end":{"line":357,"column":70}}},"32":{"name":"(anonymous_32)","line":361,"loc":{"start":{"line":361,"column":61},"end":{"line":361,"column":91}}},"33":{"name":"getPixelRatio","line":367,"loc":{"start":{"line":367,"column":27},"end":{"line":367,"column":59}}},"34":{"name":"createWidthsMap","line":371,"loc":{"start":{"line":371,"column":29},"end":{"line":371,"column":89}}},"35":{"name":"(anonymous_35)","line":383,"loc":{"start":{"line":383,"column":20},"end":{"line":383,"column":37}}},"36":{"name":"(anonymous_36)","line":386,"loc":{"start":{"line":386,"column":15},"end":{"line":386,"column":37}}},"37":{"name":"getClosestValue","line":409,"loc":{"start":{"line":409,"column":29},"end":{"line":409,"column":77}}},"38":{"name":"(anonymous_38)","line":424,"loc":{"start":{"line":424,"column":43},"end":{"line":424,"column":63}}},"39":{"name":"(anonymous_39)","line":427,"loc":{"start":{"line":427,"column":44},"end":{"line":427,"column":56}}},"40":{"name":"(anonymous_40)","line":432,"loc":{"start":{"line":432,"column":43},"end":{"line":432,"column":55}}},"41":{"name":"(anonymous_41)","line":437,"loc":{"start":{"line":437,"column":43},"end":{"line":437,"column":55}}},"42":{"name":"(anonymous_42)","line":441,"loc":{"start":{"line":441,"column":35},"end":{"line":441,"column":47}}},"43":{"name":"(anonymous_43)","line":445,"loc":{"start":{"line":445,"column":35},"end":{"line":445,"column":47}}},"44":{"name":"getPageVerticalOffset","line":451,"loc":{"start":{"line":451,"column":36},"end":{"line":451,"column":77}}},"45":{"name":"(anonymous_45)","line":453,"loc":{"start":{"line":453,"column":19},"end":{"line":453,"column":31}}},"46":{"name":"(anonymous_46)","line":456,"loc":{"start":{"line":456,"column":19},"end":{"line":456,"column":31}}},"47":{"name":"(anonymous_47)","line":467,"loc":{"start":{"line":467,"column":30},"end":{"line":467,"column":42}}},"48":{"name":"(anonymous_48)","line":469,"loc":{"start":{"line":469,"column":19},"end":{"line":469,"column":36}}},"49":{"name":"(anonymous_49)","line":474,"loc":{"start":{"line":474,"column":15},"end":{"line":474,"column":32}}},"50":{"name":"(anonymous_50)","line":495,"loc":{"start":{"line":495,"column":15},"end":{"line":495,"column":27}}}},"statementMap":{"1":{"start":{"line":1,"column":1},"end":{"line":502,"column":21}},"2":{"start":{"line":4,"column":4},"end":{"line":15,"column":9}},"3":{"start":{"line":5,"column":8},"end":{"line":14,"column":9}},"4":{"start":{"line":6,"column":12},"end":{"line":8,"column":14}},"5":{"start":{"line":7,"column":16},"end":{"line":7,"column":65}},"6":{"start":{"line":11,"column":12},"end":{"line":13,"column":14}},"7":{"start":{"line":12,"column":16},"end":{"line":12,"column":60}},"8":{"start":{"line":17,"column":4},"end":{"line":17,"column":119}},"9":{"start":{"line":19,"column":4},"end":{"line":28,"column":6}},"10":{"start":{"line":20,"column":8},"end":{"line":21,"column":16}},"11":{"start":{"line":23,"column":8},"end":{"line":25,"column":9}},"12":{"start":{"line":24,"column":12},"end":{"line":24,"column":27}},"13":{"start":{"line":27,"column":8},"end":{"line":27,"column":20}},"14":{"start":{"line":30,"column":4},"end":{"line":40,"column":6}},"15":{"start":{"line":31,"column":8},"end":{"line":33,"column":32}},"16":{"start":{"line":35,"column":8},"end":{"line":37,"column":9}},"17":{"start":{"line":36,"column":12},"end":{"line":36,"column":63}},"18":{"start":{"line":39,"column":8},"end":{"line":39,"column":30}},"19":{"start":{"line":42,"column":4},"end":{"line":42,"column":54}},"20":{"start":{"line":42,"column":38},"end":{"line":42,"column":51}},"21":{"start":{"line":43,"column":4},"end":{"line":43,"column":30}},"22":{"start":{"line":44,"column":4},"end":{"line":44,"column":46}},"23":{"start":{"line":44,"column":31},"end":{"line":44,"column":43}},"24":{"start":{"line":46,"column":4},"end":{"line":57,"column":6}},"25":{"start":{"line":47,"column":8},"end":{"line":47,"column":20}},"26":{"start":{"line":48,"column":8},"end":{"line":56,"column":10}},"27":{"start":{"line":49,"column":12},"end":{"line":49,"column":49}},"28":{"start":{"line":50,"column":12},"end":{"line":53,"column":14}},"29":{"start":{"line":51,"column":16},"end":{"line":51,"column":31}},"30":{"start":{"line":52,"column":16},"end":{"line":52,"column":40}},"31":{"start":{"line":54,"column":12},"end":{"line":54,"column":34}},"32":{"start":{"line":55,"column":12},"end":{"line":55,"column":46}},"33":{"start":{"line":88,"column":4},"end":{"line":153,"column":6}},"34":{"start":{"line":89,"column":8},"end":{"line":89,"column":24}},"35":{"start":{"line":90,"column":8},"end":{"line":90,"column":28}},"36":{"start":{"line":92,"column":8},"end":{"line":92,"column":26}},"37":{"start":{"line":94,"column":8},"end":{"line":107,"column":9}},"38":{"start":{"line":97,"column":12},"end":{"line":106,"column":13}},"39":{"start":{"line":98,"column":16},"end":{"line":98,"column":41}},"40":{"start":{"line":99,"column":16},"end":{"line":99,"column":37}},"41":{"start":{"line":103,"column":17},"end":{"line":106,"column":13}},"42":{"start":{"line":104,"column":16},"end":{"line":104,"column":32}},"43":{"start":{"line":105,"column":16},"end":{"line":105,"column":37}},"44":{"start":{"line":109,"column":8},"end":{"line":109,"column":65}},"45":{"start":{"line":110,"column":8},"end":{"line":110,"column":92}},"46":{"start":{"line":111,"column":8},"end":{"line":111,"column":66}},"47":{"start":{"line":112,"column":8},"end":{"line":112,"column":57}},"48":{"start":{"line":113,"column":8},"end":{"line":113,"column":125}},"49":{"start":{"line":114,"column":8},"end":{"line":114,"column":47}},"50":{"start":{"line":115,"column":8},"end":{"line":115,"column":35}},"51":{"start":{"line":116,"column":8},"end":{"line":116,"column":57}},"52":{"start":{"line":117,"column":8},"end":{"line":117,"column":56}},"53":{"start":{"line":118,"column":8},"end":{"line":118,"column":87}},"54":{"start":{"line":119,"column":8},"end":{"line":119,"column":88}},"55":{"start":{"line":120,"column":8},"end":{"line":120,"column":38}},"56":{"start":{"line":121,"column":8},"end":{"line":121,"column":72}},"57":{"start":{"line":122,"column":8},"end":{"line":122,"column":70}},"58":{"start":{"line":123,"column":8},"end":{"line":123,"column":62}},"59":{"start":{"line":124,"column":8},"end":{"line":124,"column":35}},"60":{"start":{"line":125,"column":8},"end":{"line":125,"column":33}},"61":{"start":{"line":126,"column":8},"end":{"line":126,"column":68}},"62":{"start":{"line":129,"column":8},"end":{"line":129,"column":43}},"63":{"start":{"line":130,"column":8},"end":{"line":130,"column":42}},"64":{"start":{"line":132,"column":8},"end":{"line":144,"column":9}},"65":{"start":{"line":133,"column":10},"end":{"line":139,"column":11}},"66":{"start":{"line":134,"column":12},"end":{"line":134,"column":121}},"67":{"start":{"line":137,"column":12},"end":{"line":137,"column":50}},"68":{"start":{"line":138,"column":12},"end":{"line":138,"column":65}},"69":{"start":{"line":141,"column":10},"end":{"line":143,"column":13}},"70":{"start":{"line":142,"column":12},"end":{"line":142,"column":25}},"71":{"start":{"line":146,"column":8},"end":{"line":146,"column":23}},"72":{"start":{"line":147,"column":8},"end":{"line":147,"column":44}},"73":{"start":{"line":148,"column":8},"end":{"line":148,"column":33}},"74":{"start":{"line":150,"column":8},"end":{"line":152,"column":14}},"75":{"start":{"line":151,"column":12},"end":{"line":151,"column":24}},"76":{"start":{"line":155,"column":4},"end":{"line":167,"column":6}},"77":{"start":{"line":157,"column":8},"end":{"line":157,"column":65}},"78":{"start":{"line":158,"column":8},"end":{"line":160,"column":31}},"79":{"start":{"line":162,"column":8},"end":{"line":166,"column":9}},"80":{"start":{"line":163,"column":12},"end":{"line":163,"column":59}},"81":{"start":{"line":164,"column":12},"end":{"line":164,"column":53}},"82":{"start":{"line":165,"column":12},"end":{"line":165,"column":53}},"83":{"start":{"line":169,"column":4},"end":{"line":193,"column":6}},"84":{"start":{"line":170,"column":8},"end":{"line":170,"column":24}},"85":{"start":{"line":171,"column":8},"end":{"line":171,"column":36}},"86":{"start":{"line":172,"column":8},"end":{"line":172,"column":26}},"87":{"start":{"line":174,"column":8},"end":{"line":192,"column":9}},"88":{"start":{"line":176,"column":12},"end":{"line":184,"column":15}},"89":{"start":{"line":177,"column":16},"end":{"line":183,"column":17}},"90":{"start":{"line":178,"column":20},"end":{"line":178,"column":42}},"91":{"start":{"line":180,"column":20},"end":{"line":182,"column":21}},"92":{"start":{"line":181,"column":24},"end":{"line":181,"column":47}},"93":{"start":{"line":186,"column":12},"end":{"line":188,"column":13}},"94":{"start":{"line":187,"column":16},"end":{"line":187,"column":52}},"95":{"start":{"line":190,"column":12},"end":{"line":190,"column":51}},"96":{"start":{"line":191,"column":12},"end":{"line":191,"column":34}},"97":{"start":{"line":195,"column":4},"end":{"line":220,"column":6}},"98":{"start":{"line":196,"column":8},"end":{"line":196,"column":24}},"99":{"start":{"line":198,"column":8},"end":{"line":198,"column":32}},"100":{"start":{"line":199,"column":8},"end":{"line":199,"column":30}},"101":{"start":{"line":201,"column":8},"end":{"line":213,"column":9}},"102":{"start":{"line":202,"column":12},"end":{"line":202,"column":39}},"103":{"start":{"line":204,"column":12},"end":{"line":204,"column":33}},"104":{"start":{"line":205,"column":12},"end":{"line":205,"column":31}},"105":{"start":{"line":207,"column":12},"end":{"line":209,"column":14}},"106":{"start":{"line":208,"column":16},"end":{"line":208,"column":61}},"107":{"start":{"line":212,"column":12},"end":{"line":212,"column":53}},"108":{"start":{"line":215,"column":8},"end":{"line":217,"column":9}},"109":{"start":{"line":216,"column":12},"end":{"line":216,"column":47}},"110":{"start":{"line":219,"column":8},"end":{"line":219,"column":23}},"111":{"start":{"line":229,"column":4},"end":{"line":231,"column":6}},"112":{"start":{"line":230,"column":8},"end":{"line":230,"column":34}},"113":{"start":{"line":233,"column":4},"end":{"line":255,"column":6}},"114":{"start":{"line":235,"column":8},"end":{"line":237,"column":9}},"115":{"start":{"line":236,"column":12},"end":{"line":236,"column":27}},"116":{"start":{"line":239,"column":8},"end":{"line":239,"column":66}},"117":{"start":{"line":240,"column":8},"end":{"line":240,"column":62}},"118":{"start":{"line":241,"column":8},"end":{"line":241,"column":44}},"119":{"start":{"line":243,"column":8},"end":{"line":246,"column":9}},"120":{"start":{"line":244,"column":10},"end":{"line":244,"column":35}},"121":{"start":{"line":245,"column":10},"end":{"line":245,"column":55}},"122":{"start":{"line":248,"column":8},"end":{"line":248,"column":90}},"123":{"start":{"line":249,"column":8},"end":{"line":249,"column":71}},"124":{"start":{"line":250,"column":8},"end":{"line":250,"column":82}},"125":{"start":{"line":252,"column":8},"end":{"line":252,"column":54}},"126":{"start":{"line":254,"column":8},"end":{"line":254,"column":19}},"127":{"start":{"line":257,"column":4},"end":{"line":267,"column":6}},"128":{"start":{"line":258,"column":8},"end":{"line":258,"column":24}},"129":{"start":{"line":260,"column":8},"end":{"line":262,"column":11}},"130":{"start":{"line":261,"column":12},"end":{"line":261,"column":50}},"131":{"start":{"line":264,"column":8},"end":{"line":266,"column":9}},"132":{"start":{"line":265,"column":12},"end":{"line":265,"column":52}},"133":{"start":{"line":276,"column":4},"end":{"line":278,"column":6}},"134":{"start":{"line":277,"column":8},"end":{"line":277,"column":44}},"135":{"start":{"line":286,"column":4},"end":{"line":300,"column":6}},"136":{"start":{"line":289,"column":8},"end":{"line":289,"column":33}},"137":{"start":{"line":290,"column":8},"end":{"line":290,"column":66}},"138":{"start":{"line":292,"column":8},"end":{"line":297,"column":9}},"139":{"start":{"line":293,"column":12},"end":{"line":296,"column":51}},"140":{"start":{"line":294,"column":16},"end":{"line":294,"column":54}},"141":{"start":{"line":299,"column":8},"end":{"line":299,"column":65}},"142":{"start":{"line":302,"column":4},"end":{"line":319,"column":6}},"143":{"start":{"line":303,"column":8},"end":{"line":303,"column":24}},"144":{"start":{"line":304,"column":8},"end":{"line":304,"column":38}},"145":{"start":{"line":306,"column":8},"end":{"line":318,"column":9}},"146":{"start":{"line":307,"column":12},"end":{"line":307,"column":35}},"147":{"start":{"line":308,"column":12},"end":{"line":308,"column":37}},"148":{"start":{"line":310,"column":12},"end":{"line":314,"column":15}},"149":{"start":{"line":311,"column":16},"end":{"line":313,"column":17}},"150":{"start":{"line":312,"column":20},"end":{"line":312,"column":69}},"151":{"start":{"line":316,"column":12},"end":{"line":316,"column":36}},"152":{"start":{"line":317,"column":12},"end":{"line":317,"column":42}},"153":{"start":{"line":326,"column":4},"end":{"line":342,"column":6}},"154":{"start":{"line":327,"column":8},"end":{"line":327,"column":40}},"155":{"start":{"line":329,"column":1},"end":{"line":329,"column":46}},"156":{"start":{"line":330,"column":8},"end":{"line":331,"column":112}},"157":{"start":{"line":333,"column":8},"end":{"line":333,"column":36}},"158":{"start":{"line":335,"column":8},"end":{"line":337,"column":9}},"159":{"start":{"line":336,"column":12},"end":{"line":336,"column":19}},"160":{"start":{"line":339,"column":8},"end":{"line":339,"column":110}},"161":{"start":{"line":340,"column":8},"end":{"line":340,"column":39}},"162":{"start":{"line":341,"column":8},"end":{"line":341,"column":40}},"163":{"start":{"line":344,"column":4},"end":{"line":346,"column":6}},"164":{"start":{"line":345,"column":6},"end":{"line":345,"column":124}},"165":{"start":{"line":357,"column":4},"end":{"line":359,"column":6}},"166":{"start":{"line":358,"column":8},"end":{"line":358,"column":106}},"167":{"start":{"line":361,"column":4},"end":{"line":365,"column":6}},"168":{"start":{"line":362,"column":8},"end":{"line":364,"column":92}},"169":{"start":{"line":367,"column":4},"end":{"line":369,"column":6}},"170":{"start":{"line":368,"column":8},"end":{"line":368,"column":60}},"171":{"start":{"line":371,"column":4},"end":{"line":380,"column":6}},"172":{"start":{"line":372,"column":8},"end":{"line":373,"column":32}},"173":{"start":{"line":375,"column":8},"end":{"line":377,"column":9}},"174":{"start":{"line":376,"column":12},"end":{"line":376,"column":65}},"175":{"start":{"line":379,"column":8},"end":{"line":379,"column":19}},"176":{"start":{"line":382,"column":4},"end":{"line":389,"column":6}},"177":{"start":{"line":384,"column":12},"end":{"line":384,"column":56}},"178":{"start":{"line":387,"column":12},"end":{"line":387,"column":39}},"179":{"start":{"line":409,"column":4},"end":{"line":422,"column":6}},"180":{"start":{"line":410,"column":8},"end":{"line":411,"column":46}},"181":{"start":{"line":413,"column":8},"end":{"line":413,"column":42}},"182":{"start":{"line":415,"column":8},"end":{"line":419,"column":9}},"183":{"start":{"line":416,"column":12},"end":{"line":418,"column":13}},"184":{"start":{"line":417,"column":16},"end":{"line":417,"column":46}},"185":{"start":{"line":421,"column":8},"end":{"line":421,"column":29}},"186":{"start":{"line":424,"column":4},"end":{"line":430,"column":6}},"187":{"start":{"line":425,"column":8},"end":{"line":425,"column":24}},"188":{"start":{"line":427,"column":8},"end":{"line":429,"column":17}},"189":{"start":{"line":428,"column":12},"end":{"line":428,"column":63}},"190":{"start":{"line":432,"column":4},"end":{"line":449,"column":6}},"191":{"start":{"line":433,"column":8},"end":{"line":433,"column":24}},"192":{"start":{"line":435,"column":8},"end":{"line":435,"column":30}},"193":{"start":{"line":437,"column":8},"end":{"line":439,"column":29}},"194":{"start":{"line":438,"column":12},"end":{"line":438,"column":31}},"195":{"start":{"line":441,"column":8},"end":{"line":443,"column":11}},"196":{"start":{"line":442,"column":12},"end":{"line":442,"column":33}},"197":{"start":{"line":445,"column":8},"end":{"line":448,"column":11}},"198":{"start":{"line":446,"column":12},"end":{"line":446,"column":72}},"199":{"start":{"line":447,"column":12},"end":{"line":447,"column":33}},"200":{"start":{"line":451,"column":4},"end":{"line":458,"column":6}},"201":{"start":{"line":452,"column":8},"end":{"line":457,"column":9}},"202":{"start":{"line":453,"column":12},"end":{"line":453,"column":62}},"203":{"start":{"line":453,"column":33},"end":{"line":453,"column":59}},"204":{"start":{"line":456,"column":12},"end":{"line":456,"column":78}},"205":{"start":{"line":456,"column":33},"end":{"line":456,"column":75}},"206":{"start":{"line":467,"column":4},"end":{"line":479,"column":9}},"207":{"start":{"line":468,"column":8},"end":{"line":472,"column":9}},"208":{"start":{"line":469,"column":12},"end":{"line":471,"column":14}},"209":{"start":{"line":470,"column":16},"end":{"line":470,"column":42}},"210":{"start":{"line":474,"column":8},"end":{"line":478,"column":10}},"211":{"start":{"line":475,"column":12},"end":{"line":475,"column":58}},"212":{"start":{"line":476,"column":12},"end":{"line":476,"column":38}},"213":{"start":{"line":477,"column":12},"end":{"line":477,"column":35}},"214":{"start":{"line":482,"column":4},"end":{"line":482,"column":118}},"215":{"start":{"line":485,"column":4},"end":{"line":485,"column":33}},"216":{"start":{"line":486,"column":4},"end":{"line":486,"column":31}},"217":{"start":{"line":487,"column":4},"end":{"line":487,"column":31}},"218":{"start":{"line":490,"column":4},"end":{"line":499,"column":5}},"219":{"start":{"line":492,"column":8},"end":{"line":492,"column":42}},"220":{"start":{"line":493,"column":11},"end":{"line":499,"column":5}},"221":{"start":{"line":495,"column":8},"end":{"line":495,"column":47}},"222":{"start":{"line":495,"column":29},"end":{"line":495,"column":43}},"223":{"start":{"line":496,"column":11},"end":{"line":499,"column":5}},"224":{"start":{"line":498,"column":8},"end":{"line":498,"column":31}}},"branchMap":{"1":{"line":5,"type":"if","locations":[{"start":{"line":5,"column":8},"end":{"line":5,"column":8}},{"start":{"line":5,"column":8},"end":{"line":5,"column":8}}]},"2":{"line":19,"type":"cond-expr","locations":[{"start":{"line":19,"column":54},"end":{"line":19,"column":65}},{"start":{"line":19,"column":68},"end":{"line":28,"column":5}}]},"3":{"line":92,"type":"binary-expr","locations":[{"start":{"line":92,"column":15},"end":{"line":92,"column":19}},{"start":{"line":92,"column":23},"end":{"line":92,"column":25}}]},"4":{"line":94,"type":"if","locations":[{"start":{"line":94,"column":8},"end":{"line":94,"column":8}},{"start":{"line":94,"column":8},"end":{"line":94,"column":8}}]},"5":{"line":97,"type":"if","locations":[{"start":{"line":97,"column":12},"end":{"line":97,"column":12}},{"start":{"line":97,"column":12},"end":{"line":97,"column":12}}]},"6":{"line":103,"type":"if","locations":[{"start":{"line":103,"column":17},"end":{"line":103,"column":17}},{"start":{"line":103,"column":17},"end":{"line":103,"column":17}}]},"7":{"line":110,"type":"cond-expr","locations":[{"start":{"line":110,"column":45},"end":{"line":110,"column":83}},{"start":{"line":110,"column":87},"end":{"line":110,"column":91}}]},"8":{"line":110,"type":"binary-expr","locations":[{"start":{"line":110,"column":45},"end":{"line":110,"column":58}},{"start":{"line":110,"column":62},"end":{"line":110,"column":83}}]},"9":{"line":111,"type":"binary-expr","locations":[{"start":{"line":111,"column":32},"end":{"line":111,"column":46}},{"start":{"line":111,"column":50},"end":{"line":111,"column":65}}]},"10":{"line":116,"type":"binary-expr","locations":[{"start":{"line":116,"column":32},"end":{"line":116,"column":51}},{"start":{"line":116,"column":55},"end":{"line":116,"column":56}}]},"11":{"line":117,"type":"binary-expr","locations":[{"start":{"line":117,"column":32},"end":{"line":117,"column":48}},{"start":{"line":117,"column":52},"end":{"line":117,"column":55}}]},"12":{"line":118,"type":"cond-expr","locations":[{"start":{"line":118,"column":66},"end":{"line":118,"column":79}},{"start":{"line":118,"column":82},"end":{"line":118,"column":86}}]},"13":{"line":119,"type":"cond-expr","locations":[{"start":{"line":119,"column":66},"end":{"line":119,"column":79}},{"start":{"line":119,"column":82},"end":{"line":119,"column":87}}]},"14":{"line":121,"type":"binary-expr","locations":[{"start":{"line":121,"column":36},"end":{"line":121,"column":61}},{"start":{"line":121,"column":65},"end":{"line":121,"column":71}}]},"15":{"line":122,"type":"binary-expr","locations":[{"start":{"line":122,"column":32},"end":{"line":122,"column":52}},{"start":{"line":122,"column":56},"end":{"line":122,"column":69}}]},"16":{"line":123,"type":"binary-expr","locations":[{"start":{"line":123,"column":32},"end":{"line":123,"column":53}},{"start":{"line":123,"column":57},"end":{"line":123,"column":61}}]},"17":{"line":126,"type":"binary-expr","locations":[{"start":{"line":126,"column":33},"end":{"line":126,"column":55}},{"start":{"line":126,"column":59},"end":{"line":126,"column":67}}]},"18":{"line":132,"type":"if","locations":[{"start":{"line":132,"column":8},"end":{"line":132,"column":8}},{"start":{"line":132,"column":8},"end":{"line":132,"column":8}}]},"19":{"line":133,"type":"if","locations":[{"start":{"line":133,"column":10},"end":{"line":133,"column":10}},{"start":{"line":133,"column":10},"end":{"line":133,"column":10}}]},"20":{"line":147,"type":"binary-expr","locations":[{"start":{"line":147,"column":17},"end":{"line":147,"column":25}},{"start":{"line":147,"column":29},"end":{"line":147,"column":42}}]},"21":{"line":157,"type":"binary-expr","locations":[{"start":{"line":157,"column":29},"end":{"line":157,"column":47}},{"start":{"line":157,"column":51},"end":{"line":157,"column":64}}]},"22":{"line":158,"type":"cond-expr","locations":[{"start":{"line":159,"column":12},"end":{"line":159,"column":57}},{"start":{"line":160,"column":12},"end":{"line":160,"column":30}}]},"23":{"line":162,"type":"if","locations":[{"start":{"line":162,"column":8},"end":{"line":162,"column":8}},{"start":{"line":162,"column":8},"end":{"line":162,"column":8}}]},"24":{"line":162,"type":"binary-expr","locations":[{"start":{"line":162,"column":12},"end":{"line":162,"column":20}},{"start":{"line":162,"column":24},"end":{"line":162,"column":39}}]},"25":{"line":174,"type":"if","locations":[{"start":{"line":174,"column":8},"end":{"line":174,"column":8}},{"start":{"line":174,"column":8},"end":{"line":174,"column":8}}]},"26":{"line":177,"type":"if","locations":[{"start":{"line":177,"column":16},"end":{"line":177,"column":16}},{"start":{"line":177,"column":16},"end":{"line":177,"column":16}}]},"27":{"line":180,"type":"if","locations":[{"start":{"line":180,"column":20},"end":{"line":180,"column":20}},{"start":{"line":180,"column":20},"end":{"line":180,"column":20}}]},"28":{"line":186,"type":"if","locations":[{"start":{"line":186,"column":12},"end":{"line":186,"column":12}},{"start":{"line":186,"column":12},"end":{"line":186,"column":12}}]},"29":{"line":201,"type":"if","locations":[{"start":{"line":201,"column":8},"end":{"line":201,"column":8}},{"start":{"line":201,"column":8},"end":{"line":201,"column":8}}]},"30":{"line":215,"type":"if","locations":[{"start":{"line":215,"column":8},"end":{"line":215,"column":8}},{"start":{"line":215,"column":8},"end":{"line":215,"column":8}}]},"31":{"line":230,"type":"binary-expr","locations":[{"start":{"line":230,"column":23},"end":{"line":230,"column":25}},{"start":{"line":230,"column":29},"end":{"line":230,"column":33}}]},"32":{"line":235,"type":"if","locations":[{"start":{"line":235,"column":8},"end":{"line":235,"column":8}},{"start":{"line":235,"column":8},"en
[...]
     *","     * ```js","     * var candidates = [1, 1.5, 2];","     *","     * Imager.getClosestValue(0.8, candidates); // -> 1","     * Imager.getClosestValue(1, candidates); // -> 1","     * Imager.getClosestValue(1.3, candidates); // -> 1.5","     * Imager.getClosestValue(3, candidates); // -> 2","     * ```","     *","     * @api","     * @since 1.0.1","     * @param {Number} baseValue","     * @param {Array.<Number>} candidates","     * @returns {Number}","     */","    Imager.getClosestValue = function getClosestValue(baseValue, candidates) {","        var i             = candidates.length,","            selectedWidth = candidates[i - 1];","","        baseValue = parseFloat(baseValue);","","        while (i--) {","            if (baseValue <= candidates[i]) {","                selectedWidth = candidates[i];","            }","        }","","        return selectedWidth;","    };","","    Imager.prototype.registerResizeEvent = function (filterFn) {","        var self = this;","","        addEvent(window, 'resize', debounce(function () {","            self.checkImagesNeedReplacing(self.divs, filterFn);","        }, 100));","    };","","    Imager.prototype.registerScrollEvent = function () {","        var self = this;","","        this.scrolled = false;","","        this.interval = window.setInterval(function () {","            self.scrollCheck();","        }, self.scrollDelay);","","        addEvent(window, 'scroll', function () {","            self.scrolled = true;","        });","","        addEvent(window, 'resize', function () {","            self.viewportHeight = document.documentElement.clientHeight;","            self.scrolled = true;","        });","    };","","    Imager.getPageOffsetGenerator = function getPageVerticalOffset(testCase) {","        if (testCase) {","            return function () { return window.pageYOffset; };","        }","        else {","            return function () { return document.documentElement.scrollTop; };","        }","    };","","    /**","     * Returns the naturalWidth of an image element.","     *","     * @since 1.3.1","     * @param {HTMLImageElement} image","     * @return {Number} Image width in pixels","     */","    Imager.getNaturalWidth = (function () {","        if ('naturalWidth' in (new Image())) {","            return function (image) {","                return image.naturalWidth;","            };","        }","        // non-HTML5 browsers workaround","        return function (image) {","            var imageCopy = document.createElement('img');","            imageCopy.src = image.src;","            return imageCopy.width;","        };","    })();","","    // This form is used because it seems impossible to stub `window.pageYOffset`","    Imager.getPageOffset = Imager.getPageOffsetGenerator(Object.prototype.hasOwnProperty.call(window, 'pageYOffset'));","","    // Exporting for testing and convenience purpose","    Imager.applyEach = applyEach;","    Imager.addEvent = addEvent;","    Imager.debounce = debounce;","","    /* global module, exports: true, define */","    if (typeof module === 'object' && typeof module.exports === 'object') {","        // CommonJS, just export","        module.exports = exports = Imager;","    } else if (typeof define === 'function' && define.amd) {","        // AMD support","        define(function () { return Imager; });","    } else if (typeof window === 'object') {","        // If no AMD and we are in the browser, attach to window","        window.Imager = Imager;","    }","    /* global -module, -exports, -define */","","}(window, document));",""],"l":{"1":2,"4":0,"5":0,"6":0,"7":0,"11":0,"12":0,"17":0,"19":0,"20":0,"23":0,"24":0,"27":0,"30":0,"31":0,"35":0,"36":0,"39":0,"42":0,"43":0,"44":0,"46":0,"47":0,"48":0,"49":0,"50":0,"51":0,"52":0,"54":0,"55":0,"88":0,"89":0,"90":0,"92":0,"94":0,"97":0,"98":0,"99":0,"103":0,"104":0,"105":0,"109":0,"110":0,"111":0,"112":0,"113":0,"114":0,"115":0,"116":0,"117":0,"118":0,"119":0,"120":0,"121":0,"122":0,"123":0,"124":0,"125":0,"126":0,"129":0,"130":0,"132":0,"133":0,"134":0,"137":0,"138":0,"141":0,"142":0,"146":0,"147":0,"148":0,"150":0,"151":0,"155":0,"157":0,"158":0,"162":0,"163":0,"164":0,"165":0,"169":0,"170":0,"171":0,"172":0,"174":0,"176":0,"177":0,"178":0,"180":0,"181":0,"186":0,"187":0,"190":0,"191":0,"195":0,"196":0,"198":0,"199":0,"201":0,"202":0,"204":0,"205":0,"207":0,"208":0,"212":0,"215":0,"216":0,"219":0,"229":0,"230":0,"233":0,"235":0,"236":0,"239":0,"240":0,"241":0,"243":0,"244":0,"245":0,"248":0,"249":0,"250":0,"252":0,"254":0,"257":0,"258":0,"260":0,"261":0,"264":0,"265":0,"276":0,"277":0,"286":0,"289":0,"290":0,"292":0,"293":0,"294":0,"299":0,"302":0,"303":0,"304":0,"306":0,"307":0,"308":0,"310":0,"311":0,"312":0,"316":0,"317":0,"326":0,"327":0,"329":0,"330":0,"333":0,"335":0,"336":0,"339":0,"340":0,"341":0,"344":0,"345":0,"357":0,"358":0,"361":0,"362":0,"367":0,"368":0,"371":0,"372":0,"375":0,"376":0,"379":0,"382":0,"384":0,"387":0,"409":0,"410":0,"413":0,"415":0,"416":0,"417":0,"421":0,"424":0,"425":0,"427":0,"428":0,"432":0,"433":0,"435":0,"437":0,"438":0,"441":0,"442":0,"445":0,"446":0,"447":0,"451":0,"452":0,"453":0,"456":0,"467":0,"468":0,"469":0,"470":0,"474":0,"475":0,"476":0,"477":0,"482":0,"485":0,"486":0,"487":0,"490":0,"492":0,"493":0,"495":0,"496":0,"498":0}},"/home/travis/build/npmtest/node-npmtest-imager.js/node_modules/imager.js/karma.conf.js":{"path":"/home/travis/build/npmtest/node-npmtest-imager.js/node_modules/imager.js/karma.conf.js","s":{"1":1,"2":0,"3":0,"4":1,"5":0,"6":0,"7":0,"8":0},"b":{"1":[0,0],"2":[0,0],"3":[0,0],"4":[0,0],"5":[0,0],"6":[0,0]},"f":{"1":0,"2":0,"3":0},"fnMap":{"1":{"name":"filterBrowsers","line":5,"loc":{"start":{"line":5,"column":0},"end":{"line":5,"column":39}}},"2":{"name":"(anonymous_2)","line":6,"loc":{"start":{"line":6,"column":40},"end":{"line":6,"column":55}}},"3":{"name":"(anonymous_3)","line":11,"loc":{"start":{"line":11,"column":17},"end":{"line":11,"column":35}}}},"statementMap":{"1":{"start":{"line":5,"column":0},"end":{"line":9,"column":1}},"2":{"start":{"line":6,"column":4},"end":{"line":8,"column":7}},"3":{"start":{"line":7,"column":8},"end":{"line":7,"column":28}},"4":{"start":{"line":11,"column":0},"end":{"line":294,"column":2}},"5":{"start":{"line":12,"column":4},"end":{"line":12,"column":99}},"6":{"start":{"line":13,"column":4},"end":{"line":13,"column":81}},"7":{"start":{"line":15,"column":4},"end":{"line":287,"column":7}},"8":{"start":{"line":289,"column":4},"end":{"line":293,"column":7}}},"branchMap":{"1":{"line":12,"type":"binary-expr","locations":[{"start":{"line":12,"column":16},"end":{"line":12,"column":39}},{"start":{"line":12,"column":43},"end":{"line":12,"column":88}}]},"2":{"line":13,"type":"cond-expr","locations":[{"start":{"line":13,"column":42},"end":{"line":13,"column":73}},{"start":{"line":13,"column":76},"end":{"line":13,"column":80}}]},"3":{"line":72,"type":"binary-expr","locations":[{"start":{"line":72,"column":30},"end":{"line":72,"column":59}},{"start":{"line":72,"column":63},"end":{"line":72,"column":67}}]},"4":{"line":80,"type":"cond-expr","locations":[{"start":{"line":80,"column":58},"end":{"line":80,"column":62}},{"start":{"line":80,"column":66},"end":{"line":80,"column":97}}]},"5":{"line":290,"type":"binary-expr","locations":[{"start":{"line":290,"column":18},"end":{"line":290,"column":26}},{"start":{"line":290,"column":31},"end":{"line":292,"column":44}}]},"6":{"line":290,"type":"cond-expr","locations":[{"start":{"line":291,"column":14},"end":{"line":291,"column":59}},{"start":{"line":292,"column":14},"end":{"line":292,"column":44}}]}},"code":["'use strict';","","/* jshint node:true */","","function filterBrowsers (browsers, re) {","    return Object.keys(browsers).filter(function (key) {","        return re.test(key);","    });","}","","module.exports = function (config) {","    var isCI = (Boolean(process.env.CI) && Boolean(process.env.BROWSER_STACK_ACCESS_KEY)) === true;","    var browsers = process.env.BROWSERS ? process.env.BROWSERS.split(',') : null;","","    config.set({","","        // base path, that will be used to resolve files and exclude","        basePath:   '',","","","        // frameworks to use","        frameworks: ['mocha', 'mocha', 'expect', 'sinon'],","","","        // list of files / patterns to load in the browser","        files:      [","            'node_modules/components-jquery/jquery.min.js',","            'test/fixtures/jquery-noconflict.js',","            'test/fixtures/*.html',","            'Imager.js',","            'test/*.js',","            'test/unit/**/*.js',","            { 'pattern': 'Demo - Grunt/Assets/Images/**/*.jpg', 'included': false, 'served': true },","            { 'pattern': 'test/fixtures/**/*.jpg', 'included': false, 'served': true },","            { 'pattern': 'test/fixtures/oldformat/*', 'included': false, 'served': true }","        ],","","        preprocessors: {","            '**/*.html': ['html2js']","        },","","        // list of files to exclude","        exclude:       [","","        ],","","","        // test results reporter to use","        // possible values: 'dots', 'progress', 'junit', 'growl', 'coverage'","        reporters:     ['progress'],","","        // essential for non xhr2 browsers","        transports:    ['websocket', 'htmlfile', 'jsonp-polling'],","","        // web server port","        port:          9876,","","","        // enable / disable colors in the output (reporters and logs)","        colors:        true,","","","        // level of logging","        // possible values: config.LOG_DISABLE || config.LOG_ERROR || config.LOG_WARN || config.LOG_INFO || config.LOG_DEBUG","        logLevel:      config.LOG_INFO,","","","        // enable / disable watching file and executing tests whenever any file changes","        autoWatch:     false,","","        sauceLabs: {","            tunnelIdentifier: process.env.TRAVIS_JOB_NUMBER || null,","            accessKey:        process.env.SAUCE_ACCESS_KEY,","            testName:         'BBC-News/Imager.js',","            startConnect:     false","        },","","        browserStack: {","            project: 'BBC-News/Imager.js',","            build:   process.env.CONTINUOUS_INTEGRATION ? null : ('Local testing - ' + Date.now())","        },","","        customLaunchers: {","            'PhantomJSCustom': {","                base:    'PhantomJS',","                options: {","                    viewportSize: {","                        width:  1024,","                        height: 768","                    }","                }","            },","            // Browserstack","//      BSIE6: {","//        base: 'BrowserStack',","//        browser: 'ie',","//        browser_version: '6.0',","//        os: 'Windows',","//        os_version: 'XP'","//      },","            BSIE7:             {","                base:            'BrowserStack',","                browser:         'ie',","                browser_version: '7.0',","                os:              'Windows',","                os_version:      'XP'","            },","            BSIE8:             {","                base:            'BrowserStack',","                browser:         'ie',","                browser_version: '8.0',","                os:              'Windows',","                os_version:      '7'","            },","            BSIE9:             {","                base:            'BrowserStack',","                browser:         'ie',","                browser_version: '9.0',","                os:              'Windows',","                os_version:      '7'","            },","            BSIE10:            {","                base:            'BrowserStack',","                browser:         'ie',","                browser_version: '10.0',","                os:              'Windows',","                os_version:      '8'","            },","            BSIE11:            {","                base:            'BrowserStack',","                browser:         'ie',","                browser_version: '11.0',","                os:              'Windows',","                os_version:      '8.1'","            },","            BSOS4:             {","                base:       'BrowserStack',","                device:     'iPhone 4',","                os:         'ios',","                os_version: '4.0'","            },","            BSOS5:             {","                base:       'BrowserStack',","                device:     'iPhone 4S',","                os:         'ios',","                os_version: '5.1'","            },","            BSOS6:             {","                base:       'BrowserStack',","                device:     'iPhone 5',","                os:         'ios',","                os_version: '6.1'","            },","            BSOS7:             {","                base:       'BrowserStack',","                device:     'iPad mini Retina',","                os:         'ios',","                os_version: '7.0'","            },","            BSAndroid2:        {","                base:       'BrowserStack',","                device:     'Samsung Galaxy S II',","                browser:    'android',","                os:         'android',","                os_version: '2.3'","            },","            BSAndroid4:        {","                base:       'BrowserStack',","                device:     'Samsung Galaxy Nexus',","                browser:    'android',","                os:         'android',","                os_version: '4.0'","            },","            BSFirefox:         {","                base:            'BrowserStack',","                browser:         'firefox',","                browser_version: '22.0',","                os:              'Windows',","                os_version:      '7'","            },","            BSSafari5:         {","                base:            'BrowserStack',","                browser:         'safari',","                browser_version: '5.1',","                os:              'OS X',","                os_version:      'Snow Leopard'","            },","            BSSafari6:         {","                base:            'BrowserStack',","                browser:         'safari',","                browser_version: '6.1',","                os:              'OS X',","                os_version:      'Mountain Lion'","            },","            BSSafari7:         {","                base:            'BrowserStack',","                browser:         'safari',","                browser_version: '7.0',","                os:              'OS X',","                os_version:      'Mavericks'","            },","            // Saucelabs","            SauceIE6:          {","                base:        'SauceLabs',","                browserName: 'internet explorer',","                platform:    'Windows XP',","                version:     '6'","            },","            SauceIE7:          {","                base:        'SauceLabs',","                browserName: 'internet explorer',","                platform:    'Windows XP',","                version:     '7'","            },","            SauceIE8:          {","                base:        'SauceLabs',","                browserName: 'internet explorer',","                platform:    'Windows 7',","                version:     '8'","            },","            SauceIE9:          {","                base:        'SauceLabs',","                browserName: 'internet explorer',","                platform:    'Windows 7',","                version:     '9'","            },","            SauceIE10:         {","                base:        'SauceLabs',","                browserName: 'internet explorer',","                platform:    'Windows 8',","                version:     '10'","            },","            SauceIE11:         {","                base:        'SauceLabs',","                browserName: 'internet explorer',","                platform:    'Windows 8.1',","                version:     '11'","            },","            SauceFirefox:      {","                base:        'SauceLabs',","                browserName: 'firefox',","                platform:    'Windows 7',","                version:     '21'","            },","            SauceAndroid:      {","                base:        'SauceLabs',","                browserName: 'android',","                platform:    'Linux',","                version:     '4.0'","            },","            SauceiOS7:         {","                base:        'SauceLabs',","                browserName: 'iphone',","                platform:    'OS X 10.9',","                version:     '7.1'","            },","            SauceiOS6:         {","                base:        'SauceLabs',","                browserName: 'iphone',","                platform:    'OS X 10.8',","                version:     '6.1'","            },","            SauceiOS5:         {","                base:        'SauceLabs',","                browserName: 'iphone',","                platform:    'OS X 10.8',","                version:     '5.1'","            },","            SauceiOS4:         {","                base:        'SauceLabs',","                browserName: 'iphone',","                platform:    'OS X 10.6',","                version:     '4.3'","            },","            SauceSafari5:      {","                base:        'SauceLabs',","                browserName: 'safari',","                platform:    'OS X 10.6'","            }","        },","","        // Continuous Integration mode","        // if true, it capture browsers, run tests and exit","        singleRun:                  true,","","        browserNoActivityTimeout:   45000","    });","","    config.set({","        browsers: browsers || (isCI","            ? filterBrowsers(config.customLaunchers, /^BS/)","            : ['PhantomJSCustom', 'Firefox'])","    });","};",""],"l":{"5":1,"6":0,"7":0,"11":1,"12":0,"13":0,"15":0,"289":0}},"/home/travis/build/npmtest/node-npmtest-imager.js/node_modules/imager.js/demos/Gruntfile.js":{"path":"/home/travis/build/npmtest/node-npmtest-imager.js/node_modules/imager.js/demos/Gruntfile.js","s":{"1":1,"2":0,"3":0,"4":0},"b":{},"f":{"1":0},"fnMap":{"1":{"name":"(anonymous_1)","line":1,"loc":{"start":{"line":1,"column":17},"end":{"line":1,"column":34}}}},"statementMap":{"1":{"start":{"line":1,"column":0},"end":{"line":43,"column":2}},"2":{"start":{"line":5,"column":4},"end":{"line":35,"column":7}},"3":{"start":{"line":38,"column":4},"end":{"line":38,"column":50}},"4":{"start":{"line":41,"column":4},"end":{"line":41,"column":101}}},"branchMap":{},"code":["module.exports = function (grunt) {","    'use strict';","","    // Project configuration.","    grunt.initConfig({","","        wd: '<%= grunt.task.current.args[0] || \"grunt\" %>/Assets/Images',","","        // grunt responsive_images:dev:grunt","        // grunt responsive_images:dev:lazyload","        responsive_images: {","            dev: {","                options: {","                    sizes: [","                        {","                            width: 320","                        },","                        {","                            width: 640","                        },","                        {","                            width: 1024","                        }","                    ]","                },","                files: [{","                    expand: true,","                    cwd: '<%= wd %>',","                    src: '*.{jpg,gif,png}',","                    dest: '<%= wd %>/Generated'","                }]","            }","        }","","    });","","    // Load NPM Tasks","    grunt.loadNpmTasks('grunt-responsive-images');","","    // Default Task","    grunt.registerTask('default', ['responsive_images:dev:grunt', 'responsive_images:dev:lazyload']);","","};",""],"l":{"1":1,"5":0,"38":0,"41":0}}}